
RAxML-NG v. 1.0.3 released on 21.07.2021 by The Exelixis Lab.
Developed by: Alexey M. Kozlov and Alexandros Stamatakis.
Contributors: Diego Darriba, Tomas Flouri, Benoit Morel, Sarah Lutteropp, Ben Bettisworth.
Latest version: https://github.com/amkozlov/raxml-ng
Questions/problems/suggestions? Please visit: https://groups.google.com/forum/#!forum/raxml

System: 11th Gen Intel(R) Core(TM) i7-1165G7 @ 2.80GHz, 4 cores, 15 GB RAM

RAxML-NG was called at 11-Nov-2021 19:14:41 as follows:

raxml-ng --parse --msa concatenated_cds/concatenated.fasta --model concatenated_cds/concatenated.part --prefix tree/02_parse

Analysis options:
  run mode: Alignment parsing and compression
  start tree(s): 
  random seed: 1636658081
  tip-inner: OFF
  pattern compression: ON
  per-rate scalers: OFF
  site repeats: ON
  branch lengths: proportional (ML estimate, algorithm: NR-FAST)
  SIMD kernels: AVX2
  parallelization: coarse-grained (auto), PTHREADS (auto)

[00:00:00] Reading alignment from file: concatenated_cds/concatenated.fasta
[00:00:00] Loaded alignment with 25 taxa and 839610 sites

Alignment comprises 828 partitions and 405642 patterns

Partition 0: seqid
Model: GTR+FO+G4m+B
Alignment sites / patterns: 2469 / 1118
Gaps: 7.86 %
Invariant sites: 32.12 %

Partition 1: seqid
Model: GTR+FO+G4m+B
Alignment sites / patterns: 492 / 234
Gaps: 4.66 %
Invariant sites: 43.29 %

Partition 2: seqid
Model: GTR+FO+G4m+B
Alignment sites / patterns: 588 / 301
Gaps: 3.63 %
Invariant sites: 36.90 %

Partition 3: seqid
Model: GTR+FO+G4m+B
Alignment sites / patterns: 1245 / 561
Gaps: 3.78 %
Invariant sites: 35.26 %

Partition 4: seqid
Model: GTR+FO+G4m+B
Alignment sites / patterns: 1530 / 631
Gaps: 5.56 %
Invariant sites: 38.50 %

Partition 5: seqid
Model: GTR+FO+G4m+B
Alignment sites / patterns: 1452 / 907
Gaps: 13.78 %
Invariant sites: 18.46 %

Partition 6: seqid
Model: GTR+FO+G4m+B
Alignment sites / patterns: 195 / 113
Gaps: 0.18 %
Invariant sites: 38.46 %

Partition 7: seqid
Model: GTR+FO+G4m+B
Alignment sites / patterns: 1233 / 552
Gaps: 13.30 %
Invariant sites: 41.20 %

Partition 8: seqid
Model: GTR+FO+G4m+B
Alignment sites / patterns: 423 / 254
Gaps: 12.82 %
Invariant sites: 33.33 %

Partition 9: seqid
Model: GTR+FO+G4m+B
Alignment sites / patterns: 2646 / 902
Gaps: 1.35 %
Invariant sites: 43.08 %

Partition 10: seqid
Model: GTR+FO+G4m+B
Alignment sites / patterns: 945 / 470
Gaps: 4.11 %
Invariant sites: 37.35 %

Partition 11: seqid
Model: GTR+FO+G4m+B
Alignment sites / patterns: 1437 / 637
Gaps: 3.92 %
Invariant sites: 39.67 %

Partition 12: seqid
Model: GTR+FO+G4m+B
Alignment sites / patterns: 450 / 241
Gaps: 0.75 %
Invariant sites: 35.11 %

Partition 13: seqid
Model: GTR+FO+G4m+B
Alignment sites / patterns: 1419 / 772
Gaps: 7.80 %
Invariant sites: 32.49 %

Partition 14: seqid
Model: GTR+FO+G4m+B
Alignment sites / patterns: 666 / 340
Gaps: 6.54 %
Invariant sites: 36.19 %

Partition 15: seqid
Model: GTR+FO+G4m+B
Alignment sites / patterns: 1278 / 625
Gaps: 6.22 %
Invariant sites: 29.11 %

Partition 16: seqid
Model: GTR+FO+G4m+B
Alignment sites / patterns: 642 / 325
Gaps: 18.84 %
Invariant sites: 39.88 %

Partition 17: seqid
Model: GTR+FO+G4m+B
Alignment sites / patterns: 1014 / 472
Gaps: 4.84 %
Invariant sites: 43.29 %

Partition 18: seqid
Model: GTR+FO+G4m+B
Alignment sites / patterns: 903 / 389
Gaps: 9.44 %
Invariant sites: 43.96 %

Partition 19: seqid
Model: GTR+FO+G4m+B
Alignment sites / patterns: 1230 / 576
Gaps: 0.92 %
Invariant sites: 38.46 %

Partition 20: seqid
Model: GTR+FO+G4m+B
Alignment sites / patterns: 2571 / 1299
Gaps: 9.14 %
Invariant sites: 36.80 %

Partition 21: seqid
Model: GTR+FO+G4m+B
Alignment sites / patterns: 615 / 306
Gaps: 16.33 %
Invariant sites: 44.55 %

Partition 22: seqid
Model: GTR+FO+G4m+B
Alignment sites / patterns: 1194 / 469
Gaps: 3.39 %
Invariant sites: 43.30 %

Partition 23: seqid
Model: GTR+FO+G4m+B
Alignment sites / patterns: 996 / 572
Gaps: 5.52 %
Invariant sites: 33.73 %

Partition 24: seqid
Model: GTR+FO+G4m+B
Alignment sites / patterns: 360 / 140
Gaps: 0.13 %
Invariant sites: 58.33 %

Partition 25: seqid
Model: GTR+FO+G4m+B
Alignment sites / patterns: 2325 / 953
Gaps: 7.32 %
Invariant sites: 40.39 %

Partition 26: seqid
Model: GTR+FO+G4m+B
Alignment sites / patterns: 303 / 143
Gaps: 5.66 %
Invariant sites: 51.16 %

Partition 27: seqid
Model: GTR+FO+G4m+B
Alignment sites / patterns: 675 / 340
Gaps: 2.42 %
Invariant sites: 36.44 %

Partition 28: seqid
Model: GTR+FO+G4m+B
Alignment sites / patterns: 420 / 194
Gaps: 0.51 %
Invariant sites: 47.38 %

Partition 29: seqid
Model: GTR+FO+G4m+B
Alignment sites / patterns: 2364 / 1056
Gaps: 2.37 %
Invariant sites: 31.47 %

Partition 30: seqid
Model: GTR+FO+G4m+B
Alignment sites / patterns: 1299 / 679
Gaps: 3.74 %
Invariant sites: 24.10 %

Partition 31: seqid
Model: GTR+FO+G4m+B
Alignment sites / patterns: 1011 / 407
Gaps: 0.46 %
Invariant sites: 46.79 %

Partition 32: seqid
Model: GTR+FO+G4m+B
Alignment sites / patterns: 852 / 448
Gaps: 8.31 %
Invariant sites: 34.04 %

Partition 33: seqid
Model: GTR+FO+G4m+B
Alignment sites / patterns: 1047 / 588
Gaps: 5.77 %
Invariant sites: 35.15 %

Partition 34: seqid
Model: GTR+FO+G4m+B
Alignment sites / patterns: 675 / 385
Gaps: 10.40 %
Invariant sites: 30.96 %

Partition 35: seqid
Model: GTR+FO+G4m+B
Alignment sites / patterns: 1416 / 529
Gaps: 1.92 %
Invariant sites: 47.60 %

Partition 36: seqid
Model: GTR+FO+G4m+B
Alignment sites / patterns: 1155 / 485
Gaps: 2.83 %
Invariant sites: 48.23 %

Partition 37: seqid
Model: GTR+FO+G4m+B
Alignment sites / patterns: 321 / 136
Gaps: 1.79 %
Invariant sites: 48.60 %

Partition 38: seqid
Model: GTR+FO+G4m+B
Alignment sites / patterns: 399 / 235
Gaps: 2.26 %
Invariant sites: 36.34 %

Partition 39: seqid
Model: GTR+FO+G4m+B
Alignment sites / patterns: 555 / 246
Gaps: 0.06 %
Invariant sites: 47.03 %

Partition 40: seqid
Model: GTR+FO+G4m+B
Alignment sites / patterns: 843 / 491
Gaps: 5.52 %
Invariant sites: 24.32 %

Partition 41: seqid
Model: GTR+FO+G4m+B
Alignment sites / patterns: 3117 / 1587
Gaps: 7.94 %
Invariant sites: 25.28 %

Partition 42: seqid
Model: GTR+FO+G4m+B
Alignment sites / patterns: 1080 / 639
Gaps: 8.12 %
Invariant sites: 35.56 %

Partition 43: seqid
Model: GTR+FO+G4m+B
Alignment sites / patterns: 675 / 380
Gaps: 4.50 %
Invariant sites: 35.41 %

Partition 44: seqid
Model: GTR+FO+G4m+B
Alignment sites / patterns: 573 / 332
Gaps: 2.74 %
Invariant sites: 30.89 %

Partition 45: seqid
Model: GTR+FO+G4m+B
Alignment sites / patterns: 339 / 200
Gaps: 8.35 %
Invariant sites: 41.30 %

Partition 46: seqid
Model: GTR+FO+G4m+B
Alignment sites / patterns: 1692 / 839
Gaps: 2.73 %
Invariant sites: 33.22 %

Partition 47: seqid
Model: GTR+FO+G4m+B
Alignment sites / patterns: 786 / 472
Gaps: 2.46 %
Invariant sites: 24.81 %

Partition 48: seqid
Model: GTR+FO+G4m+B
Alignment sites / patterns: 699 / 442
Gaps: 4.43 %
Invariant sites: 26.04 %

Partition 49: seqid
Model: GTR+FO+G4m+B
Alignment sites / patterns: 2385 / 1175
Gaps: 0.92 %
Invariant sites: 27.30 %

Partition 50: seqid
Model: GTR+FO+G4m+B
Alignment sites / patterns: 879 / 288
Gaps: 0.08 %
Invariant sites: 60.86 %

Partition 51: seqid
Model: GTR+FO+G4m+B
Alignment sites / patterns: 2493 / 924
Gaps: 3.11 %
Invariant sites: 39.07 %

Partition 52: seqid
Model: GTR+FO+G4m+B
Alignment sites / patterns: 714 / 469
Gaps: 12.22 %
Invariant sites: 23.81 %

Partition 53: seqid
Model: GTR+FO+G4m+B
Alignment sites / patterns: 2484 / 828
Gaps: 0.64 %
Invariant sites: 47.83 %

Partition 54: seqid
Model: GTR+FO+G4m+B
Alignment sites / patterns: 1038 / 592
Gaps: 2.38 %
Invariant sites: 24.28 %

Partition 55: seqid
Model: GTR+FO+G4m+B
Alignment sites / patterns: 963 / 522
Gaps: 10.34 %
Invariant sites: 37.07 %

Partition 56: seqid
Model: GTR+FO+G4m+B
Alignment sites / patterns: 852 / 544
Gaps: 3.13 %
Invariant sites: 29.11 %

Partition 57: seqid
Model: GTR+FO+G4m+B
Alignment sites / patterns: 975 / 495
Gaps: 4.81 %
Invariant sites: 34.97 %

Partition 58: seqid
Model: GTR+FO+G4m+B
Alignment sites / patterns: 1311 / 708
Gaps: 5.08 %
Invariant sites: 30.21 %

Partition 59: seqid
Model: GTR+FO+G4m+B
Alignment sites / patterns: 756 / 400
Gaps: 7.03 %
Invariant sites: 36.11 %

Partition 60: seqid
Model: GTR+FO+G4m+B
Alignment sites / patterns: 891 / 373
Gaps: 1.54 %
Invariant sites: 42.99 %

Partition 61: seqid
Model: GTR+FO+G4m+B
Alignment sites / patterns: 333 / 176
Gaps: 1.69 %
Invariant sites: 36.94 %

Partition 62: seqid
Model: GTR+FO+G4m+B
Alignment sites / patterns: 1929 / 779
Gaps: 2.71 %
Invariant sites: 42.51 %

Partition 63: seqid
Model: GTR+FO+G4m+B
Alignment sites / patterns: 1125 / 550
Gaps: 8.03 %
Invariant sites: 38.67 %

Partition 64: seqid
Model: GTR+FO+G4m+B
Alignment sites / patterns: 1038 / 482
Gaps: 5.71 %
Invariant sites: 43.26 %

Partition 65: seqid
Model: GTR+FO+G4m+B
Alignment sites / patterns: 1074 / 489
Gaps: 1.58 %
Invariant sites: 43.39 %

Partition 66: seqid
Model: GTR+FO+G4m+B
Alignment sites / patterns: 2691 / 1136
Gaps: 3.47 %
Invariant sites: 32.63 %

Partition 67: seqid
Model: GTR+FO+G4m+B
Alignment sites / patterns: 543 / 254
Gaps: 5.55 %
Invariant sites: 40.52 %

Partition 68: seqid
Model: GTR+FO+G4m+B
Alignment sites / patterns: 849 / 521
Gaps: 4.30 %
Invariant sites: 26.27 %

Partition 69: seqid
Model: GTR+FO+G4m+B
Alignment sites / patterns: 2625 / 1087
Gaps: 1.31 %
Invariant sites: 36.91 %

Partition 70: seqid
Model: GTR+FO+G4m+B
Alignment sites / patterns: 1596 / 610
Gaps: 10.31 %
Invariant sites: 46.74 %

Partition 71: seqid
Model: GTR+FO+G4m+B
Alignment sites / patterns: 1050 / 582
Gaps: 4.63 %
Invariant sites: 34.29 %

Partition 72: seqid
Model: GTR+FO+G4m+B
Alignment sites / patterns: 1365 / 574
Gaps: 0.90 %
Invariant sites: 40.00 %

Partition 73: seqid
Model: GTR+FO+G4m+B
Alignment sites / patterns: 489 / 275
Gaps: 5.03 %
Invariant sites: 39.67 %

Partition 74: seqid
Model: GTR+FO+G4m+B
Alignment sites / patterns: 819 / 493
Gaps: 5.22 %
Invariant sites: 28.94 %

Partition 75: seqid
Model: GTR+FO+G4m+B
Alignment sites / patterns: 723 / 440
Gaps: 8.76 %
Invariant sites: 27.94 %

Partition 76: seqid
Model: GTR+FO+G4m+B
Alignment sites / patterns: 495 / 283
Gaps: 12.87 %
Invariant sites: 34.55 %

Partition 77: seqid
Model: GTR+FO+G4m+B
Alignment sites / patterns: 627 / 247
Gaps: 0.69 %
Invariant sites: 48.80 %

Partition 78: seqid
Model: GTR+FO+G4m+B
Alignment sites / patterns: 726 / 389
Gaps: 4.51 %
Invariant sites: 30.44 %

Partition 79: seqid
Model: GTR+FO+G4m+B
Alignment sites / patterns: 1011 / 551
Gaps: 4.11 %
Invariant sites: 29.38 %

Partition 80: seqid
Model: GTR+FO+G4m+B
Alignment sites / patterns: 951 / 462
Gaps: 1.10 %
Invariant sites: 37.01 %

Partition 81: seqid
Model: GTR+FO+G4m+B
Alignment sites / patterns: 1416 / 812
Gaps: 3.70 %
Invariant sites: 27.40 %

Partition 82: seqid
Model: GTR+FO+G4m+B
Alignment sites / patterns: 306 / 142
Gaps: 0.35 %
Invariant sites: 45.10 %

Partition 83: seqid
Model: GTR+FO+G4m+B
Alignment sites / patterns: 903 / 506
Gaps: 2.80 %
Invariant sites: 27.35 %

Partition 84: seqid
Model: GTR+FO+G4m+B
Alignment sites / patterns: 1710 / 926
Gaps: 3.28 %
Invariant sites: 23.57 %

Partition 85: seqid
Model: GTR+FO+G4m+B
Alignment sites / patterns: 1512 / 745
Gaps: 6.46 %
Invariant sites: 36.57 %

Partition 86: seqid
Model: GTR+FO+G4m+B
Alignment sites / patterns: 822 / 365
Gaps: 1.11 %
Invariant sites: 46.23 %

Partition 87: seqid
Model: GTR+FO+G4m+B
Alignment sites / patterns: 1242 / 518
Gaps: 0.74 %
Invariant sites: 39.29 %

Partition 88: seqid
Model: GTR+FO+G4m+B
Alignment sites / patterns: 612 / 313
Gaps: 5.45 %
Invariant sites: 41.18 %

Partition 89: seqid
Model: GTR+FO+G4m+B
Alignment sites / patterns: 705 / 381
Gaps: 4.71 %
Invariant sites: 29.79 %

Partition 90: seqid
Model: GTR+FO+G4m+B
Alignment sites / patterns: 981 / 551
Gaps: 7.78 %
Invariant sites: 31.50 %

Partition 91: seqid
Model: GTR+FO+G4m+B
Alignment sites / patterns: 1194 / 526
Gaps: 17.59 %
Invariant sites: 34.00 %

Partition 92: seqid
Model: GTR+FO+G4m+B
Alignment sites / patterns: 1896 / 922
Gaps: 17.81 %
Invariant sites: 31.80 %

Partition 93: seqid
Model: GTR+FO+G4m+B
Alignment sites / patterns: 2208 / 873
Gaps: 16.10 %
Invariant sites: 33.15 %

Partition 94: seqid
Model: GTR+FO+G4m+B
Alignment sites / patterns: 648 / 392
Gaps: 2.54 %
Invariant sites: 26.08 %

Partition 95: seqid
Model: GTR+FO+G4m+B
Alignment sites / patterns: 246 / 108
Gaps: 8.05 %
Invariant sites: 50.81 %

Partition 96: seqid
Model: GTR+FO+G4m+B
Alignment sites / patterns: 642 / 361
Gaps: 4.90 %
Invariant sites: 29.60 %

Partition 97: seqid
Model: GTR+FO+G4m+B
Alignment sites / patterns: 1362 / 666
Gaps: 4.20 %
Invariant sites: 36.93 %

Partition 98: seqid
Model: GTR+FO+G4m+B
Alignment sites / patterns: 969 / 477
Gaps: 7.21 %
Invariant sites: 38.60 %

Partition 99: seqid
Model: GTR+FO+G4m+B
Alignment sites / patterns: 2070 / 789
Gaps: 0.63 %
Invariant sites: 40.72 %

Partition 100: seqid
Model: GTR+FO+G4m+B
Alignment sites / patterns: 396 / 226
Gaps: 3.15 %
Invariant sites: 33.33 %

Partition 101: seqid
Model: GTR+FO+G4m+B
Alignment sites / patterns: 837 / 439
Gaps: 6.25 %
Invariant sites: 31.78 %

Partition 102: seqid
Model: GTR+FO+G4m+B
Alignment sites / patterns: 936 / 490
Gaps: 6.46 %
Invariant sites: 35.04 %

Partition 103: seqid
Model: GTR+FO+G4m+B
Alignment sites / patterns: 537 / 296
Gaps: 15.71 %
Invariant sites: 36.31 %

Partition 104: seqid
Model: GTR+FO+G4m+B
Alignment sites / patterns: 717 / 454
Gaps: 4.64 %
Invariant sites: 27.20 %

Partition 105: seqid
Model: GTR+FO+G4m+B
Alignment sites / patterns: 567 / 246
Gaps: 5.04 %
Invariant sites: 47.09 %

Partition 106: seqid
Model: GTR+FO+G4m+B
Alignment sites / patterns: 930 / 401
Gaps: 1.81 %
Invariant sites: 45.91 %

Partition 107: seqid
Model: GTR+FO+G4m+B
Alignment sites / patterns: 1473 / 812
Gaps: 15.46 %
Invariant sites: 28.11 %

Partition 108: seqid
Model: GTR+FO+G4m+B
Alignment sites / patterns: 423 / 249
Gaps: 1.53 %
Invariant sites: 29.31 %

Partition 109: seqid
Model: GTR+FO+G4m+B
Alignment sites / patterns: 1623 / 778
Gaps: 2.43 %
Invariant sites: 33.52 %

Partition 110: seqid
Model: GTR+FO+G4m+B
Alignment sites / patterns: 222 / 124
Gaps: 8.49 %
Invariant sites: 42.79 %

Partition 111: seqid
Model: GTR+FO+G4m+B
Alignment sites / patterns: 1884 / 954
Gaps: 3.45 %
Invariant sites: 28.03 %

Partition 112: seqid
Model: GTR+FO+G4m+B
Alignment sites / patterns: 1437 / 659
Gaps: 2.98 %
Invariant sites: 40.01 %

Partition 113: seqid
Model: GTR+FO+G4m+B
Alignment sites / patterns: 1206 / 765
Gaps: 7.31 %
Invariant sites: 26.37 %

Partition 114: seqid
Model: GTR+FO+G4m+B
Alignment sites / patterns: 2409 / 1026
Gaps: 1.21 %
Invariant sites: 33.33 %

Partition 115: seqid
Model: GTR+FO+G4m+B
Alignment sites / patterns: 1674 / 807
Gaps: 1.89 %
Invariant sites: 38.47 %

Partition 116: seqid
Model: GTR+FO+G4m+B
Alignment sites / patterns: 2085 / 712
Gaps: 0.03 %
Invariant sites: 45.85 %

Partition 117: seqid
Model: GTR+FO+G4m+B
Alignment sites / patterns: 987 / 500
Gaps: 7.88 %
Invariant sites: 35.66 %

Partition 118: seqid
Model: GTR+FO+G4m+B
Alignment sites / patterns: 1497 / 747
Gaps: 3.18 %
Invariant sites: 36.81 %

Partition 119: seqid
Model: GTR+FO+G4m+B
Alignment sites / patterns: 2070 / 847
Gaps: 0.95 %
Invariant sites: 42.42 %

Partition 120: seqid
Model: GTR+FO+G4m+B
Alignment sites / patterns: 735 / 365
Gaps: 7.69 %
Invariant sites: 40.54 %

Partition 121: seqid
Model: GTR+FO+G4m+B
Alignment sites / patterns: 408 / 242
Gaps: 13.59 %
Invariant sites: 37.25 %

Partition 122: seqid
Model: GTR+FO+G4m+B
Alignment sites / patterns: 1362 / 595
Gaps: 1.20 %
Invariant sites: 37.52 %

Partition 123: seqid
Model: GTR+FO+G4m+B
Alignment sites / patterns: 462 / 299
Gaps: 2.62 %
Invariant sites: 29.22 %

Partition 124: seqid
Model: GTR+FO+G4m+B
Alignment sites / patterns: 1080 / 473
Gaps: 0.64 %
Invariant sites: 41.11 %

Partition 125: seqid
Model: GTR+FO+G4m+B
Alignment sites / patterns: 630 / 329
Gaps: 6.99 %
Invariant sites: 37.46 %

Partition 126: seqid
Model: GTR+FO+G4m+B
Alignment sites / patterns: 1338 / 626
Gaps: 2.67 %
Invariant sites: 38.12 %

Partition 127: seqid
Model: GTR+FO+G4m+B
Alignment sites / patterns: 516 / 252
Gaps: 1.12 %
Invariant sites: 41.28 %

Partition 128: seqid
Model: GTR+FO+G4m+B
Alignment sites / patterns: 402 / 230
Gaps: 1.46 %
Invariant sites: 35.32 %

Partition 129: seqid
Model: GTR+FO+G4m+B
Alignment sites / patterns: 663 / 389
Gaps: 2.32 %
Invariant sites: 31.22 %

Partition 130: seqid
Model: GTR+FO+G4m+B
Alignment sites / patterns: 753 / 347
Gaps: 0.73 %
Invariant sites: 44.36 %

Partition 131: seqid
Model: GTR+FO+G4m+B
Alignment sites / patterns: 870 / 579
Gaps: 11.43 %
Invariant sites: 28.62 %

Partition 132: seqid
Model: GTR+FO+G4m+B
Alignment sites / patterns: 648 / 405
Gaps: 5.93 %
Invariant sites: 28.86 %

Partition 133: seqid
Model: GTR+FO+G4m+B
Alignment sites / patterns: 513 / 299
Gaps: 3.95 %
Invariant sites: 33.53 %

Partition 134: seqid
Model: GTR+FO+G4m+B
Alignment sites / patterns: 405 / 236
Gaps: 2.67 %
Invariant sites: 35.80 %

Partition 135: seqid
Model: GTR+FO+G4m+B
Alignment sites / patterns: 693 / 379
Gaps: 10.82 %
Invariant sites: 32.90 %

Partition 136: seqid
Model: GTR+FO+G4m+B
Alignment sites / patterns: 4242 / 1995
Gaps: 51.94 %
Invariant sites: 47.45 %

Partition 137: seqid
Model: GTR+FO+G4m+B
Alignment sites / patterns: 525 / 345
Gaps: 11.41 %
Invariant sites: 26.48 %

Partition 138: seqid
Model: GTR+FO+G4m+B
Alignment sites / patterns: 498 / 286
Gaps: 4.39 %
Invariant sites: 34.94 %

Partition 139: seqid
Model: GTR+FO+G4m+B
Alignment sites / patterns: 2667 / 792
Gaps: 0.81 %
Invariant sites: 53.17 %

Partition 140: seqid
Model: GTR+FO+G4m+B
Alignment sites / patterns: 450 / 219
Gaps: 0.88 %
Invariant sites: 44.00 %

Partition 141: seqid
Model: GTR+FO+G4m+B
Alignment sites / patterns: 1332 / 628
Gaps: 3.98 %
Invariant sites: 28.08 %

Partition 142: seqid
Model: GTR+FO+G4m+B
Alignment sites / patterns: 840 / 378
Gaps: 29.97 %
Invariant sites: 47.14 %

Partition 143: seqid
Model: GTR+FO+G4m+B
Alignment sites / patterns: 792 / 484
Gaps: 22.79 %
Invariant sites: 31.19 %

Partition 144: seqid
Model: GTR+FO+G4m+B
Alignment sites / patterns: 1116 / 535
Gaps: 25.76 %
Invariant sites: 40.23 %

Partition 145: seqid
Model: GTR+FO+G4m+B
Alignment sites / patterns: 318 / 163
Gaps: 26.19 %
Invariant sites: 52.52 %

Partition 146: seqid
Model: GTR+FO+G4m+B
Alignment sites / patterns: 807 / 412
Gaps: 5.83 %
Invariant sites: 40.77 %

Partition 147: seqid
Model: GTR+FO+G4m+B
Alignment sites / patterns: 495 / 322
Gaps: 6.28 %
Invariant sites: 27.88 %

Partition 148: seqid
Model: GTR+FO+G4m+B
Alignment sites / patterns: 1509 / 722
Gaps: 19.10 %
Invariant sites: 25.45 %

Partition 149: seqid
Model: GTR+FO+G4m+B
Alignment sites / patterns: 885 / 450
Gaps: 2.31 %
Invariant sites: 33.33 %

Partition 150: seqid
Model: GTR+FO+G4m+B
Alignment sites / patterns: 1272 / 679
Gaps: 2.49 %
Invariant sites: 37.81 %

Partition 151: seqid
Model: GTR+FO+G4m+B
Alignment sites / patterns: 1383 / 644
Gaps: 4.13 %
Invariant sites: 32.83 %

Partition 152: seqid
Model: GTR+FO+G4m+B
Alignment sites / patterns: 786 / 310
Gaps: 5.94 %
Invariant sites: 45.93 %

Partition 153: seqid
Model: GTR+FO+G4m+B
Alignment sites / patterns: 984 / 563
Gaps: 15.33 %
Invariant sites: 34.35 %

Partition 154: seqid
Model: GTR+FO+G4m+B
Alignment sites / patterns: 1368 / 702
Gaps: 3.88 %
Invariant sites: 32.16 %

Partition 155: seqid
Model: GTR+FO+G4m+B
Alignment sites / patterns: 591 / 242
Gaps: 0.99 %
Invariant sites: 53.30 %

Partition 156: seqid
Model: GTR+FO+G4m+B
Alignment sites / patterns: 648 / 294
Gaps: 0.72 %
Invariant sites: 47.07 %

Partition 157: seqid
Model: GTR+FO+G4m+B
Alignment sites / patterns: 645 / 366
Gaps: 0.87 %
Invariant sites: 33.18 %

Partition 158: seqid
Model: GTR+FO+G4m+B
Alignment sites / patterns: 606 / 311
Gaps: 8.26 %
Invariant sites: 38.45 %

Partition 159: seqid
Model: GTR+FO+G4m+B
Alignment sites / patterns: 1632 / 786
Gaps: 2.22 %
Invariant sites: 31.80 %

Partition 160: seqid
Model: GTR+FO+G4m+B
Alignment sites / patterns: 741 / 468
Gaps: 2.96 %
Invariant sites: 26.99 %

Partition 161: seqid
Model: GTR+FO+G4m+B
Alignment sites / patterns: 1305 / 499
Gaps: 0.84 %
Invariant sites: 50.57 %

Partition 162: seqid
Model: GTR+FO+G4m+B
Alignment sites / patterns: 606 / 402
Gaps: 9.31 %
Invariant sites: 28.22 %

Partition 163: seqid
Model: GTR+FO+G4m+B
Alignment sites / patterns: 579 / 413
Gaps: 7.73 %
Invariant sites: 27.98 %

Partition 164: seqid
Model: GTR+FO+G4m+B
Alignment sites / patterns: 612 / 335
Gaps: 6.76 %
Invariant sites: 34.97 %

Partition 165: seqid
Model: GTR+FO+G4m+B
Alignment sites / patterns: 399 / 223
Gaps: 3.25 %
Invariant sites: 29.82 %

Partition 166: seqid
Model: GTR+FO+G4m+B
Alignment sites / patterns: 1026 / 476
Gaps: 12.40 %
Invariant sites: 42.79 %

Partition 167: seqid
Model: GTR+FO+G4m+B
Alignment sites / patterns: 1041 / 481
Gaps: 3.47 %
Invariant sites: 38.42 %

Partition 168: seqid
Model: GTR+FO+G4m+B
Alignment sites / patterns: 1224 / 617
Gaps: 2.59 %
Invariant sites: 34.72 %

Partition 169: seqid
Model: GTR+FO+G4m+B
Alignment sites / patterns: 675 / 368
Gaps: 1.94 %
Invariant sites: 30.81 %

Partition 170: seqid
Model: GTR+FO+G4m+B
Alignment sites / patterns: 645 / 452
Gaps: 14.42 %
Invariant sites: 20.62 %

Partition 171: seqid
Model: GTR+FO+G4m+B
Alignment sites / patterns: 1227 / 677
Gaps: 5.48 %
Invariant sites: 28.85 %

Partition 172: seqid
Model: GTR+FO+G4m+B
Alignment sites / patterns: 582 / 321
Gaps: 2.14 %
Invariant sites: 37.97 %

Partition 173: seqid
Model: GTR+FO+G4m+B
Alignment sites / patterns: 615 / 292
Gaps: 5.44 %
Invariant sites: 43.74 %

Partition 174: seqid
Model: GTR+FO+G4m+B
Alignment sites / patterns: 2163 / 758
Gaps: 45.67 %
Invariant sites: 54.83 %

Partition 175: seqid
Model: GTR+FO+G4m+B
Alignment sites / patterns: 552 / 233
Gaps: 0.11 %
Invariant sites: 50.72 %

Partition 176: seqid
Model: GTR+FO+G4m+B
Alignment sites / patterns: 1386 / 660
Gaps: 3.46 %
Invariant sites: 36.00 %

Partition 177: seqid
Model: GTR+FO+G4m+B
Alignment sites / patterns: 636 / 299
Gaps: 13.42 %
Invariant sites: 42.14 %

Partition 178: seqid
Model: GTR+FO+G4m+B
Alignment sites / patterns: 1227 / 471
Gaps: 1.33 %
Invariant sites: 46.37 %

Partition 179: seqid
Model: GTR+FO+G4m+B
Alignment sites / patterns: 2298 / 1045
Gaps: 6.76 %
Invariant sites: 23.72 %

Partition 180: seqid
Model: GTR+FO+G4m+B
Alignment sites / patterns: 774 / 368
Gaps: 14.84 %
Invariant sites: 45.61 %

Partition 181: seqid
Model: GTR+FO+G4m+B
Alignment sites / patterns: 504 / 283
Gaps: 13.24 %
Invariant sites: 38.69 %

Partition 182: seqid
Model: GTR+FO+G4m+B
Alignment sites / patterns: 378 / 188
Gaps: 2.67 %
Invariant sites: 40.21 %

Partition 183: seqid
Model: GTR+FO+G4m+B
Alignment sites / patterns: 462 / 282
Gaps: 6.60 %
Invariant sites: 33.55 %

Partition 184: seqid
Model: GTR+FO+G4m+B
Alignment sites / patterns: 303 / 150
Gaps: 6.42 %
Invariant sites: 45.87 %

Partition 185: seqid
Model: GTR+FO+G4m+B
Alignment sites / patterns: 483 / 277
Gaps: 3.16 %
Invariant sites: 30.85 %

Partition 186: seqid
Model: GTR+FO+G4m+B
Alignment sites / patterns: 528 / 313
Gaps: 21.70 %
Invariant sites: 38.45 %

Partition 187: seqid
Model: GTR+FO+G4m+B
Alignment sites / patterns: 1089 / 544
Gaps: 13.67 %
Invariant sites: 34.80 %

Partition 188: seqid
Model: GTR+FO+G4m+B
Alignment sites / patterns: 1401 / 755
Gaps: 6.77 %
Invariant sites: 29.69 %

Partition 189: seqid
Model: GTR+FO+G4m+B
Alignment sites / patterns: 849 / 444
Gaps: 1.87 %
Invariant sites: 36.87 %

Partition 190: seqid
Model: GTR+FO+G4m+B
Alignment sites / patterns: 1134 / 416
Gaps: 4.91 %
Invariant sites: 48.50 %

Partition 191: seqid
Model: GTR+FO+G4m+B
Alignment sites / patterns: 1023 / 501
Gaps: 3.98 %
Invariant sites: 39.10 %

Partition 192: seqid
Model: GTR+FO+G4m+B
Alignment sites / patterns: 789 / 400
Gaps: 1.48 %
Invariant sites: 37.14 %

Partition 193: seqid
Model: GTR+FO+G4m+B
Alignment sites / patterns: 678 / 388
Gaps: 15.93 %
Invariant sites: 32.60 %

Partition 194: seqid
Model: GTR+FO+G4m+B
Alignment sites / patterns: 858 / 468
Gaps: 5.48 %
Invariant sites: 35.90 %

Partition 195: seqid
Model: GTR+FO+G4m+B
Alignment sites / patterns: 723 / 390
Gaps: 2.49 %
Invariant sites: 25.03 %

Partition 196: seqid
Model: GTR+FO+G4m+B
Alignment sites / patterns: 417 / 227
Gaps: 2.30 %
Invariant sites: 39.33 %

Partition 197: seqid
Model: GTR+FO+G4m+B
Alignment sites / patterns: 855 / 532
Gaps: 4.36 %
Invariant sites: 27.02 %

Partition 198: seqid
Model: GTR+FO+G4m+B
Alignment sites / patterns: 1254 / 603
Gaps: 2.62 %
Invariant sites: 31.82 %

Partition 199: seqid
Model: GTR+FO+G4m+B
Alignment sites / patterns: 921 / 425
Gaps: 12.29 %
Invariant sites: 36.16 %

Partition 200: seqid
Model: GTR+FO+G4m+B
Alignment sites / patterns: 222 / 117
Gaps: 5.89 %
Invariant sites: 48.65 %

Partition 201: seqid
Model: GTR+FO+G4m+B
Alignment sites / patterns: 1011 / 582
Gaps: 8.91 %
Invariant sites: 23.05 %

Partition 202: seqid
Model: GTR+FO+G4m+B
Alignment sites / patterns: 939 / 577
Gaps: 8.93 %
Invariant sites: 28.22 %

Partition 203: seqid
Model: GTR+FO+G4m+B
Alignment sites / patterns: 876 / 434
Gaps: 1.38 %
Invariant sites: 36.42 %

Partition 204: seqid
Model: GTR+FO+G4m+B
Alignment sites / patterns: 963 / 403
Gaps: 0.00 %
Invariant sites: 42.68 %

Partition 205: seqid
Model: GTR+FO+G4m+B
Alignment sites / patterns: 591 / 336
Gaps: 6.17 %
Invariant sites: 38.24 %

Partition 206: seqid
Model: GTR+FO+G4m+B
Alignment sites / patterns: 1590 / 847
Gaps: 23.80 %
Invariant sites: 32.89 %

Partition 207: seqid
Model: GTR+FO+G4m+B
Alignment sites / patterns: 660 / 324
Gaps: 0.15 %
Invariant sites: 36.06 %

Partition 208: seqid
Model: GTR+FO+G4m+B
Alignment sites / patterns: 675 / 410
Gaps: 8.50 %
Invariant sites: 29.93 %

Partition 209: seqid
Model: GTR+FO+G4m+B
Alignment sites / patterns: 1104 / 631
Gaps: 5.13 %
Invariant sites: 36.78 %

Partition 210: seqid
Model: GTR+FO+G4m+B
Alignment sites / patterns: 426 / 227
Gaps: 3.72 %
Invariant sites: 37.32 %

Partition 211: seqid
Model: GTR+FO+G4m+B
Alignment sites / patterns: 1035 / 384
Gaps: 0.00 %
Invariant sites: 47.92 %

Partition 212: seqid
Model: GTR+FO+G4m+B
Alignment sites / patterns: 468 / 248
Gaps: 11.41 %
Invariant sites: 41.67 %

Partition 213: seqid
Model: GTR+FO+G4m+B
Alignment sites / patterns: 1449 / 614
Gaps: 2.43 %
Invariant sites: 42.58 %

Partition 214: seqid
Model: GTR+FO+G4m+B
Alignment sites / patterns: 1422 / 616
Gaps: 7.26 %
Invariant sites: 36.15 %

Partition 215: seqid
Model: GTR+FO+G4m+B
Alignment sites / patterns: 513 / 307
Gaps: 7.35 %
Invariant sites: 31.19 %

Partition 216: seqid
Model: GTR+FO+G4m+B
Alignment sites / patterns: 336 / 191
Gaps: 1.82 %
Invariant sites: 36.31 %

Partition 217: seqid
Model: GTR+FO+G4m+B
Alignment sites / patterns: 1224 / 667
Gaps: 5.45 %
Invariant sites: 31.05 %

Partition 218: seqid
Model: GTR+FO+G4m+B
Alignment sites / patterns: 1578 / 820
Gaps: 4.98 %
Invariant sites: 28.96 %

Partition 219: seqid
Model: GTR+FO+G4m+B
Alignment sites / patterns: 2586 / 1016
Gaps: 2.77 %
Invariant sites: 40.10 %

Partition 220: seqid
Model: GTR+FO+G4m+B
Alignment sites / patterns: 645 / 349
Gaps: 3.13 %
Invariant sites: 33.18 %

Partition 221: seqid
Model: GTR+FO+G4m+B
Alignment sites / patterns: 780 / 405
Gaps: 4.15 %
Invariant sites: 30.38 %

Partition 222: seqid
Model: GTR+FO+G4m+B
Alignment sites / patterns: 2319 / 971
Gaps: 16.45 %
Invariant sites: 38.21 %

Partition 223: seqid
Model: GTR+FO+G4m+B
Alignment sites / patterns: 633 / 332
Gaps: 7.09 %
Invariant sites: 36.81 %

Partition 224: seqid
Model: GTR+FO+G4m+B
Alignment sites / patterns: 339 / 151
Gaps: 22.97 %
Invariant sites: 51.33 %

Partition 225: seqid
Model: GTR+FO+G4m+B
Alignment sites / patterns: 927 / 465
Gaps: 4.85 %
Invariant sites: 34.52 %

Partition 226: seqid
Model: GTR+FO+G4m+B
Alignment sites / patterns: 1056 / 449
Gaps: 2.22 %
Invariant sites: 46.40 %

Partition 227: seqid
Model: GTR+FO+G4m+B
Alignment sites / patterns: 564 / 329
Gaps: 24.15 %
Invariant sites: 39.01 %

Partition 228: seqid
Model: GTR+FO+G4m+B
Alignment sites / patterns: 837 / 510
Gaps: 5.10 %
Invariant sites: 26.05 %

Partition 229: seqid
Model: GTR+FO+G4m+B
Alignment sites / patterns: 1332 / 610
Gaps: 5.35 %
Invariant sites: 39.94 %

Partition 230: seqid
Model: GTR+FO+G4m+B
Alignment sites / patterns: 1311 / 669
Gaps: 2.38 %
Invariant sites: 33.33 %

Partition 231: seqid
Model: GTR+FO+G4m+B
Alignment sites / patterns: 1104 / 624
Gaps: 2.32 %
Invariant sites: 30.71 %

Partition 232: seqid
Model: GTR+FO+G4m+B
Alignment sites / patterns: 1917 / 755
Gaps: 0.83 %
Invariant sites: 40.53 %

Partition 233: seqid
Model: GTR+FO+G4m+B
Alignment sites / patterns: 1035 / 408
Gaps: 0.29 %
Invariant sites: 44.93 %

Partition 234: seqid
Model: GTR+FO+G4m+B
Alignment sites / patterns: 885 / 554
Gaps: 15.66 %
Invariant sites: 23.73 %

Partition 235: seqid
Model: GTR+FO+G4m+B
Alignment sites / patterns: 267 / 187
Gaps: 2.61 %
Invariant sites: 28.46 %

Partition 236: seqid
Model: GTR+FO+G4m+B
Alignment sites / patterns: 687 / 445
Gaps: 12.51 %
Invariant sites: 26.20 %

Partition 237: seqid
Model: GTR+FO+G4m+B
Alignment sites / patterns: 564 / 311
Gaps: 4.40 %
Invariant sites: 34.04 %

Partition 238: seqid
Model: GTR+FO+G4m+B
Alignment sites / patterns: 1446 / 631
Gaps: 0.61 %
Invariant sites: 40.53 %

Partition 239: seqid
Model: GTR+FO+G4m+B
Alignment sites / patterns: 423 / 183
Gaps: 6.92 %
Invariant sites: 51.06 %

Partition 240: seqid
Model: GTR+FO+G4m+B
Alignment sites / patterns: 1785 / 697
Gaps: 2.14 %
Invariant sites: 44.37 %

Partition 241: seqid
Model: GTR+FO+G4m+B
Alignment sites / patterns: 1854 / 788
Gaps: 7.44 %
Invariant sites: 42.07 %

Partition 242: seqid
Model: GTR+FO+G4m+B
Alignment sites / patterns: 423 / 168
Gaps: 0.00 %
Invariant sites: 53.43 %

Partition 243: seqid
Model: GTR+FO+G4m+B
Alignment sites / patterns: 237 / 125
Gaps: 0.61 %
Invariant sites: 43.04 %

Partition 244: seqid
Model: GTR+FO+G4m+B
Alignment sites / patterns: 1197 / 501
Gaps: 26.81 %
Invariant sites: 41.77 %

Partition 245: seqid
Model: GTR+FO+G4m+B
Alignment sites / patterns: 615 / 352
Gaps: 3.04 %
Invariant sites: 28.62 %

Partition 246: seqid
Model: GTR+FO+G4m+B
Alignment sites / patterns: 1200 / 652
Gaps: 3.19 %
Invariant sites: 32.75 %

Partition 247: seqid
Model: GTR+FO+G4m+B
Alignment sites / patterns: 942 / 350
Gaps: 2.66 %
Invariant sites: 52.97 %

Partition 248: seqid
Model: GTR+FO+G4m+B
Alignment sites / patterns: 288 / 145
Gaps: 5.83 %
Invariant sites: 46.18 %

Partition 249: seqid
Model: GTR+FO+G4m+B
Alignment sites / patterns: 750 / 502
Gaps: 9.46 %
Invariant sites: 28.80 %

Partition 250: seqid
Model: GTR+FO+G4m+B
Alignment sites / patterns: 624 / 258
Gaps: 2.65 %
Invariant sites: 52.56 %

Partition 251: seqid
Model: GTR+FO+G4m+B
Alignment sites / patterns: 945 / 515
Gaps: 5.14 %
Invariant sites: 32.49 %

Partition 252: seqid
Model: GTR+FO+G4m+B
Alignment sites / patterns: 966 / 507
Gaps: 0.92 %
Invariant sites: 28.99 %

Partition 253: seqid
Model: GTR+FO+G4m+B
Alignment sites / patterns: 1836 / 590
Gaps: 0.96 %
Invariant sites: 51.42 %

Partition 254: seqid
Model: GTR+FO+G4m+B
Alignment sites / patterns: 264 / 182
Gaps: 7.50 %
Invariant sites: 25.38 %

Partition 255: seqid
Model: GTR+FO+G4m+B
Alignment sites / patterns: 849 / 471
Gaps: 12.38 %
Invariant sites: 36.63 %

Partition 256: seqid
Model: GTR+FO+G4m+B
Alignment sites / patterns: 708 / 413
Gaps: 3.12 %
Invariant sites: 26.69 %

Partition 257: seqid
Model: GTR+FO+G4m+B
Alignment sites / patterns: 1206 / 652
Gaps: 7.37 %
Invariant sites: 32.09 %

Partition 258: seqid
Model: GTR+FO+G4m+B
Alignment sites / patterns: 489 / 258
Gaps: 0.12 %
Invariant sites: 35.17 %

Partition 259: seqid
Model: GTR+FO+G4m+B
Alignment sites / patterns: 1149 / 715
Gaps: 4.77 %
Invariant sites: 23.32 %

Partition 260: seqid
Model: GTR+FO+G4m+B
Alignment sites / patterns: 1101 / 436
Gaps: 3.57 %
Invariant sites: 47.68 %

Partition 261: seqid
Model: GTR+FO+G4m+B
Alignment sites / patterns: 1761 / 877
Gaps: 1.87 %
Invariant sites: 32.37 %

Partition 262: seqid
Model: GTR+FO+G4m+B
Alignment sites / patterns: 651 / 351
Gaps: 5.92 %
Invariant sites: 33.18 %

Partition 263: seqid
Model: GTR+FO+G4m+B
Alignment sites / patterns: 558 / 221
Gaps: 5.16 %
Invariant sites: 51.79 %

Partition 264: seqid
Model: GTR+FO+G4m+B
Alignment sites / patterns: 507 / 334
Gaps: 4.90 %
Invariant sites: 27.22 %

Partition 265: seqid
Model: GTR+FO+G4m+B
Alignment sites / patterns: 1338 / 556
Gaps: 1.52 %
Invariant sites: 42.97 %

Partition 266: seqid
Model: GTR+FO+G4m+B
Alignment sites / patterns: 777 / 384
Gaps: 5.22 %
Invariant sites: 33.72 %

Partition 267: seqid
Model: GTR+FO+G4m+B
Alignment sites / patterns: 1416 / 692
Gaps: 3.61 %
Invariant sites: 31.64 %

Partition 268: seqid
Model: GTR+FO+G4m+B
Alignment sites / patterns: 1260 / 721
Gaps: 3.20 %
Invariant sites: 28.57 %

Partition 269: seqid
Model: GTR+FO+G4m+B
Alignment sites / patterns: 2826 / 1385
Gaps: 17.80 %
Invariant sites: 27.00 %

Partition 270: seqid
Model: GTR+FO+G4m+B
Alignment sites / patterns: 1311 / 612
Gaps: 2.83 %
Invariant sites: 38.22 %

Partition 271: seqid
Model: GTR+FO+G4m+B
Alignment sites / patterns: 708 / 403
Gaps: 4.63 %
Invariant sites: 32.06 %

Partition 272: seqid
Model: GTR+FO+G4m+B
Alignment sites / patterns: 1209 / 533
Gaps: 1.81 %
Invariant sites: 45.24 %

Partition 273: seqid
Model: GTR+FO+G4m+B
Alignment sites / patterns: 450 / 219
Gaps: 14.80 %
Invariant sites: 44.22 %

Partition 274: seqid
Model: GTR+FO+G4m+B
Alignment sites / patterns: 1164 / 623
Gaps: 3.56 %
Invariant sites: 31.79 %

Partition 275: seqid
Model: GTR+FO+G4m+B
Alignment sites / patterns: 747 / 448
Gaps: 4.95 %
Invariant sites: 29.59 %

Partition 276: seqid
Model: GTR+FO+G4m+B
Alignment sites / patterns: 1086 / 476
Gaps: 21.82 %
Invariant sites: 42.45 %

Partition 277: seqid
Model: GTR+FO+G4m+B
Alignment sites / patterns: 1746 / 923
Gaps: 4.52 %
Invariant sites: 25.89 %

Partition 278: seqid
Model: GTR+FO+G4m+B
Alignment sites / patterns: 657 / 338
Gaps: 5.24 %
Invariant sites: 37.75 %

Partition 279: seqid
Model: GTR+FO+G4m+B
Alignment sites / patterns: 921 / 444
Gaps: 4.39 %
Invariant sites: 38.98 %

Partition 280: seqid
Model: GTR+FO+G4m+B
Alignment sites / patterns: 1203 / 722
Gaps: 12.78 %
Invariant sites: 23.94 %

Partition 281: seqid
Model: GTR+FO+G4m+B
Alignment sites / patterns: 1062 / 666
Gaps: 10.08 %
Invariant sites: 24.76 %

Partition 282: seqid
Model: GTR+FO+G4m+B
Alignment sites / patterns: 741 / 340
Gaps: 0.81 %
Invariant sites: 38.60 %

Partition 283: seqid
Model: GTR+FO+G4m+B
Alignment sites / patterns: 1020 / 476
Gaps: 1.33 %
Invariant sites: 40.39 %

Partition 284: seqid
Model: GTR+FO+G4m+B
Alignment sites / patterns: 1362 / 735
Gaps: 7.08 %
Invariant sites: 29.30 %

Partition 285: seqid
Model: GTR+FO+G4m+B
Alignment sites / patterns: 1056 / 509
Gaps: 19.08 %
Invariant sites: 44.22 %

Partition 286: seqid
Model: GTR+FO+G4m+B
Alignment sites / patterns: 792 / 409
Gaps: 4.50 %
Invariant sites: 34.34 %

Partition 287: seqid
Model: GTR+FO+G4m+B
Alignment sites / patterns: 1326 / 466
Gaps: 2.26 %
Invariant sites: 52.34 %

Partition 288: seqid
Model: GTR+FO+G4m+B
Alignment sites / patterns: 684 / 314
Gaps: 8.23 %
Invariant sites: 44.30 %

Partition 289: seqid
Model: GTR+FO+G4m+B
Alignment sites / patterns: 1362 / 525
Gaps: 3.22 %
Invariant sites: 47.36 %

Partition 290: seqid
Model: GTR+FO+G4m+B
Alignment sites / patterns: 516 / 329
Gaps: 17.28 %
Invariant sites: 27.71 %

Partition 291: seqid
Model: GTR+FO+G4m+B
Alignment sites / patterns: 306 / 206
Gaps: 10.16 %
Invariant sites: 29.41 %

Partition 292: seqid
Model: GTR+FO+G4m+B
Alignment sites / patterns: 738 / 443
Gaps: 6.34 %
Invariant sites: 29.00 %

Partition 293: seqid
Model: GTR+FO+G4m+B
Alignment sites / patterns: 1062 / 502
Gaps: 1.67 %
Invariant sites: 37.48 %

Partition 294: seqid
Model: GTR+FO+G4m+B
Alignment sites / patterns: 1986 / 704
Gaps: 4.85 %
Invariant sites: 46.32 %

Partition 295: seqid
Model: GTR+FO+G4m+B
Alignment sites / patterns: 2760 / 956
Gaps: 0.24 %
Invariant sites: 41.41 %

Partition 296: seqid
Model: GTR+FO+G4m+B
Alignment sites / patterns: 681 / 377
Gaps: 1.76 %
Invariant sites: 30.98 %

Partition 297: seqid
Model: GTR+FO+G4m+B
Alignment sites / patterns: 1479 / 699
Gaps: 4.21 %
Invariant sites: 43.41 %

Partition 298: seqid
Model: GTR+FO+G4m+B
Alignment sites / patterns: 1020 / 561
Gaps: 6.46 %
Invariant sites: 31.86 %

Partition 299: seqid
Model: GTR+FO+G4m+B
Alignment sites / patterns: 1791 / 524
Gaps: 0.27 %
Invariant sites: 56.34 %

Partition 300: seqid
Model: GTR+FO+G4m+B
Alignment sites / patterns: 219 / 106
Gaps: 2.79 %
Invariant sites: 44.75 %

Partition 301: seqid
Model: GTR+FO+G4m+B
Alignment sites / patterns: 780 / 427
Gaps: 4.85 %
Invariant sites: 30.51 %

Partition 302: seqid
Model: GTR+FO+G4m+B
Alignment sites / patterns: 705 / 299
Gaps: 0.73 %
Invariant sites: 44.40 %

Partition 303: seqid
Model: GTR+FO+G4m+B
Alignment sites / patterns: 2361 / 891
Gaps: 9.31 %
Invariant sites: 43.12 %

Partition 304: seqid
Model: GTR+FO+G4m+B
Alignment sites / patterns: 5109 / 1540
Gaps: 1.14 %
Invariant sites: 43.59 %

Partition 305: seqid
Model: GTR+FO+G4m+B
Alignment sites / patterns: 2199 / 935
Gaps: 4.98 %
Invariant sites: 44.20 %

Partition 306: seqid
Model: GTR+FO+G4m+B
Alignment sites / patterns: 606 / 345
Gaps: 1.01 %
Invariant sites: 24.09 %

Partition 307: seqid
Model: GTR+FO+G4m+B
Alignment sites / patterns: 1287 / 651
Gaps: 1.62 %
Invariant sites: 36.05 %

Partition 308: seqid
Model: GTR+FO+G4m+B
Alignment sites / patterns: 1062 / 652
Gaps: 10.34 %
Invariant sites: 26.74 %

Partition 309: seqid
Model: GTR+FO+G4m+B
Alignment sites / patterns: 822 / 389
Gaps: 4.50 %
Invariant sites: 40.75 %

Partition 310: seqid
Model: GTR+FO+G4m+B
Alignment sites / patterns: 285 / 149
Gaps: 20.76 %
Invariant sites: 39.65 %

Partition 311: seqid
Model: GTR+FO+G4m+B
Alignment sites / patterns: 1083 / 434
Gaps: 4.50 %
Invariant sites: 48.94 %

Partition 312: seqid
Model: GTR+FO+G4m+B
Alignment sites / patterns: 873 / 453
Gaps: 6.93 %
Invariant sites: 33.91 %

Partition 313: seqid
Model: GTR+FO+G4m+B
Alignment sites / patterns: 1965 / 530
Gaps: 29.20 %
Invariant sites: 68.14 %

Partition 314: seqid
Model: GTR+FO+G4m+B
Alignment sites / patterns: 477 / 292
Gaps: 13.06 %
Invariant sites: 31.66 %

Partition 315: seqid
Model: GTR+FO+G4m+B
Alignment sites / patterns: 2082 / 865
Gaps: 7.16 %
Invariant sites: 28.24 %

Partition 316: seqid
Model: GTR+FO+G4m+B
Alignment sites / patterns: 1086 / 516
Gaps: 4.84 %
Invariant sites: 37.66 %

Partition 317: seqid
Model: GTR+FO+G4m+B
Alignment sites / patterns: 714 / 396
Gaps: 4.62 %
Invariant sites: 35.85 %

Partition 318: seqid
Model: GTR+FO+G4m+B
Alignment sites / patterns: 291 / 172
Gaps: 11.51 %
Invariant sites: 37.46 %

Partition 319: seqid
Model: GTR+FO+G4m+B
Alignment sites / patterns: 273 / 140
Gaps: 7.65 %
Invariant sites: 40.29 %

Partition 320: seqid
Model: GTR+FO+G4m+B
Alignment sites / patterns: 1107 / 502
Gaps: 2.18 %
Invariant sites: 45.26 %

Partition 321: seqid
Model: GTR+FO+G4m+B
Alignment sites / patterns: 915 / 492
Gaps: 0.73 %
Invariant sites: 29.29 %

Partition 322: seqid
Model: GTR+FO+G4m+B
Alignment sites / patterns: 240 / 120
Gaps: 5.75 %
Invariant sites: 47.08 %

Partition 323: seqid
Model: GTR+FO+G4m+B
Alignment sites / patterns: 1476 / 886
Gaps: 18.17 %
Invariant sites: 27.24 %

Partition 324: seqid
Model: GTR+FO+G4m+B
Alignment sites / patterns: 276 / 175
Gaps: 2.26 %
Invariant sites: 28.62 %

Partition 325: seqid
Model: GTR+FO+G4m+B
Alignment sites / patterns: 852 / 458
Gaps: 4.66 %
Invariant sites: 32.16 %

Partition 326: seqid
Model: GTR+FO+G4m+B
Alignment sites / patterns: 1218 / 568
Gaps: 4.75 %
Invariant sites: 37.60 %

Partition 327: seqid
Model: GTR+FO+G4m+B
Alignment sites / patterns: 2433 / 1285
Gaps: 9.27 %
Invariant sites: 26.10 %

Partition 328: seqid
Model: GTR+FO+G4m+B
Alignment sites / patterns: 798 / 459
Gaps: 10.05 %
Invariant sites: 31.83 %

Partition 329: seqid
Model: GTR+FO+G4m+B
Alignment sites / patterns: 957 / 370
Gaps: 0.08 %
Invariant sites: 48.69 %

Partition 330: seqid
Model: GTR+FO+G4m+B
Alignment sites / patterns: 474 / 250
Gaps: 9.32 %
Invariant sites: 34.81 %

Partition 331: seqid
Model: GTR+FO+G4m+B
Alignment sites / patterns: 393 / 172
Gaps: 0.85 %
Invariant sites: 51.40 %

Partition 332: seqid
Model: GTR+FO+G4m+B
Alignment sites / patterns: 486 / 253
Gaps: 3.38 %
Invariant sites: 42.18 %

Partition 333: seqid
Model: GTR+FO+G4m+B
Alignment sites / patterns: 1320 / 574
Gaps: 1.08 %
Invariant sites: 40.61 %

Partition 334: seqid
Model: GTR+FO+G4m+B
Alignment sites / patterns: 1239 / 570
Gaps: 2.37 %
Invariant sites: 40.92 %

Partition 335: seqid
Model: GTR+FO+G4m+B
Alignment sites / patterns: 1518 / 949
Gaps: 4.83 %
Invariant sites: 24.84 %

Partition 336: seqid
Model: GTR+FO+G4m+B
Alignment sites / patterns: 1152 / 656
Gaps: 6.64 %
Invariant sites: 28.82 %

Partition 337: seqid
Model: GTR+FO+G4m+B
Alignment sites / patterns: 1641 / 691
Gaps: 1.65 %
Invariant sites: 44.73 %

Partition 338: seqid
Model: GTR+FO+G4m+B
Alignment sites / patterns: 2766 / 1455
Gaps: 8.77 %
Invariant sites: 26.46 %

Partition 339: seqid
Model: GTR+FO+G4m+B
Alignment sites / patterns: 1035 / 457
Gaps: 0.07 %
Invariant sites: 40.97 %

Partition 340: seqid
Model: GTR+FO+G4m+B
Alignment sites / patterns: 288 / 175
Gaps: 9.17 %
Invariant sites: 38.89 %

Partition 341: seqid
Model: GTR+FO+G4m+B
Alignment sites / patterns: 1416 / 580
Gaps: 1.62 %
Invariant sites: 43.36 %

Partition 342: seqid
Model: GTR+FO+G4m+B
Alignment sites / patterns: 231 / 143
Gaps: 1.71 %
Invariant sites: 32.90 %

Partition 343: seqid
Model: GTR+FO+G4m+B
Alignment sites / patterns: 1146 / 622
Gaps: 4.82 %
Invariant sites: 27.14 %

Partition 344: seqid
Model: GTR+FO+G4m+B
Alignment sites / patterns: 705 / 370
Gaps: 4.54 %
Invariant sites: 33.48 %

Partition 345: seqid
Model: GTR+FO+G4m+B
Alignment sites / patterns: 306 / 229
Gaps: 1.92 %
Invariant sites: 20.59 %

Partition 346: seqid
Model: GTR+FO+G4m+B
Alignment sites / patterns: 372 / 207
Gaps: 1.48 %
Invariant sites: 37.10 %

Partition 347: seqid
Model: GTR+FO+G4m+B
Alignment sites / patterns: 468 / 256
Gaps: 1.85 %
Invariant sites: 38.68 %

Partition 348: seqid
Model: GTR+FO+G4m+B
Alignment sites / patterns: 957 / 507
Gaps: 3.96 %
Invariant sites: 32.60 %

Partition 349: seqid
Model: GTR+FO+G4m+B
Alignment sites / patterns: 1470 / 828
Gaps: 3.26 %
Invariant sites: 26.39 %

Partition 350: seqid
Model: GTR+FO+G4m+B
Alignment sites / patterns: 1230 / 495
Gaps: 6.13 %
Invariant sites: 47.80 %

Partition 351: seqid
Model: GTR+FO+G4m+B
Alignment sites / patterns: 435 / 300
Gaps: 2.90 %
Invariant sites: 27.59 %

Partition 352: seqid
Model: GTR+FO+G4m+B
Alignment sites / patterns: 738 / 412
Gaps: 30.00 %
Invariant sites: 40.11 %

Partition 353: seqid
Model: GTR+FO+G4m+B
Alignment sites / patterns: 546 / 306
Gaps: 5.76 %
Invariant sites: 37.00 %

Partition 354: seqid
Model: GTR+FO+G4m+B
Alignment sites / patterns: 288 / 164
Gaps: 0.08 %
Invariant sites: 29.17 %

Partition 355: seqid
Model: GTR+FO+G4m+B
Alignment sites / patterns: 1749 / 779
Gaps: 2.85 %
Invariant sites: 36.88 %

Partition 356: seqid
Model: GTR+FO+G4m+B
Alignment sites / patterns: 1209 / 677
Gaps: 31.18 %
Invariant sites: 38.05 %

Partition 357: seqid
Model: GTR+FO+G4m+B
Alignment sites / patterns: 777 / 509
Gaps: 8.15 %
Invariant sites: 25.48 %

Partition 358: seqid
Model: GTR+FO+G4m+B
Alignment sites / patterns: 1134 / 494
Gaps: 11.02 %
Invariant sites: 44.89 %

Partition 359: seqid
Model: GTR+FO+G4m+B
Alignment sites / patterns: 546 / 263
Gaps: 0.04 %
Invariant sites: 43.96 %

Partition 360: seqid
Model: GTR+FO+G4m+B
Alignment sites / patterns: 1167 / 507
Gaps: 23.30 %
Invariant sites: 46.44 %

Partition 361: seqid
Model: GTR+FO+G4m+B
Alignment sites / patterns: 3561 / 1458
Gaps: 1.35 %
Invariant sites: 29.04 %

Partition 362: seqid
Model: GTR+FO+G4m+B
Alignment sites / patterns: 4269 / 1738
Gaps: 4.49 %
Invariant sites: 36.73 %

Partition 363: seqid
Model: GTR+FO+G4m+B
Alignment sites / patterns: 1008 / 469
Gaps: 1.33 %
Invariant sites: 38.69 %

Partition 364: seqid
Model: GTR+FO+G4m+B
Alignment sites / patterns: 690 / 349
Gaps: 9.72 %
Invariant sites: 37.10 %

Partition 365: seqid
Model: GTR+FO+G4m+B
Alignment sites / patterns: 849 / 463
Gaps: 9.46 %
Invariant sites: 36.75 %

Partition 366: seqid
Model: GTR+FO+G4m+B
Alignment sites / patterns: 741 / 371
Gaps: 1.39 %
Invariant sites: 42.38 %

Partition 367: seqid
Model: GTR+FO+G4m+B
Alignment sites / patterns: 603 / 384
Gaps: 14.61 %
Invariant sites: 26.04 %

Partition 368: seqid
Model: GTR+FO+G4m+B
Alignment sites / patterns: 729 / 438
Gaps: 5.99 %
Invariant sites: 27.85 %

Partition 369: seqid
Model: GTR+FO+G4m+B
Alignment sites / patterns: 933 / 542
Gaps: 8.03 %
Invariant sites: 30.23 %

Partition 370: seqid
Model: GTR+FO+G4m+B
Alignment sites / patterns: 981 / 453
Gaps: 6.92 %
Invariant sites: 35.58 %

Partition 371: seqid
Model: GTR+FO+G4m+B
Alignment sites / patterns: 720 / 376
Gaps: 7.00 %
Invariant sites: 36.94 %

Partition 372: seqid
Model: GTR+FO+G4m+B
Alignment sites / patterns: 729 / 370
Gaps: 11.21 %
Invariant sites: 35.67 %

Partition 373: seqid
Model: GTR+FO+G4m+B
Alignment sites / patterns: 1059 / 588
Gaps: 3.82 %
Invariant sites: 27.86 %

Partition 374: seqid
Model: GTR+FO+G4m+B
Alignment sites / patterns: 1287 / 688
Gaps: 4.09 %
Invariant sites: 25.10 %

Partition 375: seqid
Model: GTR+FO+G4m+B
Alignment sites / patterns: 399 / 191
Gaps: 5.14 %
Invariant sites: 43.86 %

Partition 376: seqid
Model: GTR+FO+G4m+B
Alignment sites / patterns: 579 / 241
Gaps: 0.66 %
Invariant sites: 45.08 %

Partition 377: seqid
Model: GTR+FO+G4m+B
Alignment sites / patterns: 366 / 152
Gaps: 0.00 %
Invariant sites: 55.46 %

Partition 378: seqid
Model: GTR+FO+G4m+B
Alignment sites / patterns: 732 / 358
Gaps: 2.97 %
Invariant sites: 40.16 %

Partition 379: seqid
Model: GTR+FO+G4m+B
Alignment sites / patterns: 1152 / 474
Gaps: 0.09 %
Invariant sites: 45.31 %

Partition 380: seqid
Model: GTR+FO+G4m+B
Alignment sites / patterns: 201 / 116
Gaps: 1.01 %
Invariant sites: 39.30 %

Partition 381: seqid
Model: GTR+FO+G4m+B
Alignment sites / patterns: 690 / 284
Gaps: 28.45 %
Invariant sites: 55.65 %

Partition 382: seqid
Model: GTR+FO+G4m+B
Alignment sites / patterns: 534 / 328
Gaps: 3.10 %
Invariant sites: 29.96 %

Partition 383: seqid
Model: GTR+FO+G4m+B
Alignment sites / patterns: 1008 / 328
Gaps: 50.50 %
Invariant sites: 63.99 %

Partition 384: seqid
Model: GTR+FO+G4m+B
Alignment sites / patterns: 183 / 76
Gaps: 0.00 %
Invariant sites: 54.10 %

Partition 385: seqid
Model: GTR+FO+G4m+B
Alignment sites / patterns: 879 / 431
Gaps: 5.23 %
Invariant sites: 39.82 %

Partition 386: seqid
Model: GTR+FO+G4m+B
Alignment sites / patterns: 1800 / 913
Gaps: 5.61 %
Invariant sites: 28.39 %

Partition 387: seqid
Model: GTR+FO+G4m+B
Alignment sites / patterns: 549 / 259
Gaps: 2.73 %
Invariant sites: 45.36 %

Partition 388: seqid
Model: GTR+FO+G4m+B
Alignment sites / patterns: 522 / 291
Gaps: 8.34 %
Invariant sites: 37.55 %

Partition 389: seqid
Model: GTR+FO+G4m+B
Alignment sites / patterns: 639 / 394
Gaps: 3.72 %
Invariant sites: 32.39 %

Partition 390: seqid
Model: GTR+FO+G4m+B
Alignment sites / patterns: 816 / 393
Gaps: 6.49 %
Invariant sites: 40.81 %

Partition 391: seqid
Model: GTR+FO+G4m+B
Alignment sites / patterns: 234 / 158
Gaps: 13.44 %
Invariant sites: 33.76 %

Partition 392: seqid
Model: GTR+FO+G4m+B
Alignment sites / patterns: 453 / 266
Gaps: 5.77 %
Invariant sites: 29.80 %

Partition 393: seqid
Model: GTR+FO+G4m+B
Alignment sites / patterns: 1101 / 550
Gaps: 4.25 %
Invariant sites: 34.24 %

Partition 394: seqid
Model: GTR+FO+G4m+B
Alignment sites / patterns: 822 / 516
Gaps: 8.57 %
Invariant sites: 31.39 %

Partition 395: seqid
Model: GTR+FO+G4m+B
Alignment sites / patterns: 579 / 327
Gaps: 3.61 %
Invariant sites: 34.20 %

Partition 396: seqid
Model: GTR+FO+G4m+B
Alignment sites / patterns: 672 / 343
Gaps: 1.50 %
Invariant sites: 36.46 %

Partition 397: seqid
Model: GTR+FO+G4m+B
Alignment sites / patterns: 705 / 305
Gaps: 0.73 %
Invariant sites: 46.95 %

Partition 398: seqid
Model: GTR+FO+G4m+B
Alignment sites / patterns: 384 / 159
Gaps: 2.16 %
Invariant sites: 50.52 %

Partition 399: seqid
Model: GTR+FO+G4m+B
Alignment sites / patterns: 1029 / 448
Gaps: 11.11 %
Invariant sites: 44.61 %

Partition 400: seqid
Model: GTR+FO+G4m+B
Alignment sites / patterns: 1434 / 765
Gaps: 5.84 %
Invariant sites: 28.80 %

Partition 401: seqid
Model: GTR+FO+G4m+B
Alignment sites / patterns: 819 / 510
Gaps: 1.42 %
Invariant sites: 26.62 %

Partition 402: seqid
Model: GTR+FO+G4m+B
Alignment sites / patterns: 1242 / 519
Gaps: 3.03 %
Invariant sites: 45.97 %

Partition 403: seqid
Model: GTR+FO+G4m+B
Alignment sites / patterns: 597 / 363
Gaps: 5.39 %
Invariant sites: 27.64 %

Partition 404: seqid
Model: GTR+FO+G4m+B
Alignment sites / patterns: 5130 / 1990
Gaps: 25.05 %
Invariant sites: 36.59 %

Partition 405: seqid
Model: GTR+FO+G4m+B
Alignment sites / patterns: 924 / 483
Gaps: 3.52 %
Invariant sites: 32.25 %

Partition 406: seqid
Model: GTR+FO+G4m+B
Alignment sites / patterns: 630 / 278
Gaps: 13.18 %
Invariant sites: 46.67 %

Partition 407: seqid
Model: GTR+FO+G4m+B
Alignment sites / patterns: 426 / 226
Gaps: 4.42 %
Invariant sites: 41.55 %

Partition 408: seqid
Model: GTR+FO+G4m+B
Alignment sites / patterns: 1239 / 622
Gaps: 3.70 %
Invariant sites: 35.43 %

Partition 409: seqid
Model: GTR+FO+G4m+B
Alignment sites / patterns: 2253 / 1072
Gaps: 14.26 %
Invariant sites: 28.27 %

Partition 410: seqid
Model: GTR+FO+G4m+B
Alignment sites / patterns: 762 / 404
Gaps: 15.67 %
Invariant sites: 37.80 %

Partition 411: seqid
Model: GTR+FO+G4m+B
Alignment sites / patterns: 681 / 369
Gaps: 2.87 %
Invariant sites: 33.48 %

Partition 412: seqid
Model: GTR+FO+G4m+B
Alignment sites / patterns: 1188 / 424
Gaps: 34.75 %
Invariant sites: 55.64 %

Partition 413: seqid
Model: GTR+FO+G4m+B
Alignment sites / patterns: 198 / 93
Gaps: 0.00 %
Invariant sites: 45.96 %

Partition 414: seqid
Model: GTR+FO+G4m+B
Alignment sites / patterns: 840 / 440
Gaps: 1.70 %
Invariant sites: 29.88 %

Partition 415: seqid
Model: GTR+FO+G4m+B
Alignment sites / patterns: 957 / 391
Gaps: 0.03 %
Invariant sites: 46.50 %

Partition 416: seqid
Model: GTR+FO+G4m+B
Alignment sites / patterns: 915 / 618
Gaps: 12.21 %
Invariant sites: 21.86 %

Partition 417: seqid
Model: GTR+FO+G4m+B
Alignment sites / patterns: 510 / 310
Gaps: 5.76 %
Invariant sites: 30.78 %

Partition 418: seqid
Model: GTR+FO+G4m+B
Alignment sites / patterns: 951 / 550
Gaps: 7.34 %
Invariant sites: 24.29 %

Partition 419: seqid
Model: GTR+FO+G4m+B
Alignment sites / patterns: 780 / 506
Gaps: 13.82 %
Invariant sites: 24.87 %

Partition 420: seqid
Model: GTR+FO+G4m+B
Alignment sites / patterns: 1086 / 546
Gaps: 12.63 %
Invariant sites: 39.78 %

Partition 421: seqid
Model: GTR+FO+G4m+B
Alignment sites / patterns: 633 / 333
Gaps: 5.54 %
Invariant sites: 31.12 %

Partition 422: seqid
Model: GTR+FO+G4m+B
Alignment sites / patterns: 693 / 339
Gaps: 2.08 %
Invariant sites: 44.30 %

Partition 423: seqid
Model: GTR+FO+G4m+B
Alignment sites / patterns: 465 / 250
Gaps: 8.75 %
Invariant sites: 38.71 %

Partition 424: seqid
Model: GTR+FO+G4m+B
Alignment sites / patterns: 450 / 196
Gaps: 38.96 %
Invariant sites: 54.44 %

Partition 425: seqid
Model: GTR+FO+G4m+B
Alignment sites / patterns: 1044 / 650
Gaps: 11.43 %
Invariant sites: 24.90 %

Partition 426: seqid
Model: GTR+FO+G4m+B
Alignment sites / patterns: 1488 / 749
Gaps: 4.75 %
Invariant sites: 33.87 %

Partition 427: seqid
Model: GTR+FO+G4m+B
Alignment sites / patterns: 1347 / 607
Gaps: 0.62 %
Invariant sites: 37.64 %

Partition 428: seqid
Model: GTR+FO+G4m+B
Alignment sites / patterns: 378 / 160
Gaps: 0.13 %
Invariant sites: 50.79 %

Partition 429: seqid
Model: GTR+FO+G4m+B
Alignment sites / patterns: 294 / 168
Gaps: 23.14 %
Invariant sites: 46.26 %

Partition 430: seqid
Model: GTR+FO+G4m+B
Alignment sites / patterns: 501 / 194
Gaps: 14.54 %
Invariant sites: 57.49 %

Partition 431: seqid
Model: GTR+FO+G4m+B
Alignment sites / patterns: 639 / 253
Gaps: 2.59 %
Invariant sites: 46.95 %

Partition 432: seqid
Model: GTR+FO+G4m+B
Alignment sites / patterns: 621 / 365
Gaps: 4.06 %
Invariant sites: 29.63 %

Partition 433: seqid
Model: GTR+FO+G4m+B
Alignment sites / patterns: 399 / 174
Gaps: 3.49 %
Invariant sites: 50.63 %

Partition 434: seqid
Model: GTR+FO+G4m+B
Alignment sites / patterns: 372 / 217
Gaps: 4.19 %
Invariant sites: 30.91 %

Partition 435: seqid
Model: GTR+FO+G4m+B
Alignment sites / patterns: 756 / 440
Gaps: 12.70 %
Invariant sites: 24.21 %

Partition 436: seqid
Model: GTR+FO+G4m+B
Alignment sites / patterns: 693 / 394
Gaps: 12.90 %
Invariant sites: 31.60 %

Partition 437: seqid
Model: GTR+FO+G4m+B
Alignment sites / patterns: 1560 / 770
Gaps: 4.62 %
Invariant sites: 33.08 %

Partition 438: seqid
Model: GTR+FO+G4m+B
Alignment sites / patterns: 1650 / 762
Gaps: 13.15 %
Invariant sites: 38.00 %

Partition 439: seqid
Model: GTR+FO+G4m+B
Alignment sites / patterns: 708 / 429
Gaps: 5.20 %
Invariant sites: 24.29 %

Partition 440: seqid
Model: GTR+FO+G4m+B
Alignment sites / patterns: 714 / 370
Gaps: 6.24 %
Invariant sites: 40.20 %

Partition 441: seqid
Model: GTR+FO+G4m+B
Alignment sites / patterns: 552 / 266
Gaps: 0.00 %
Invariant sites: 38.59 %

Partition 442: seqid
Model: GTR+FO+G4m+B
Alignment sites / patterns: 1200 / 342
Gaps: 0.03 %
Invariant sites: 60.17 %

Partition 443: seqid
Model: GTR+FO+G4m+B
Alignment sites / patterns: 273 / 146
Gaps: 3.16 %
Invariant sites: 42.86 %

Partition 444: seqid
Model: GTR+FO+G4m+B
Alignment sites / patterns: 606 / 345
Gaps: 1.05 %
Invariant sites: 29.54 %

Partition 445: seqid
Model: GTR+FO+G4m+B
Alignment sites / patterns: 1116 / 490
Gaps: 1.80 %
Invariant sites: 45.16 %

Partition 446: seqid
Model: GTR+FO+G4m+B
Alignment sites / patterns: 1281 / 798
Gaps: 8.73 %
Invariant sites: 23.50 %

Partition 447: seqid
Model: GTR+FO+G4m+B
Alignment sites / patterns: 1374 / 541
Gaps: 1.57 %
Invariant sites: 43.09 %

Partition 448: seqid
Model: GTR+FO+G4m+B
Alignment sites / patterns: 855 / 435
Gaps: 1.78 %
Invariant sites: 29.71 %

Partition 449: seqid
Model: GTR+FO+G4m+B
Alignment sites / patterns: 882 / 399
Gaps: 4.24 %
Invariant sites: 42.63 %

Partition 450: seqid
Model: GTR+FO+G4m+B
Alignment sites / patterns: 1449 / 640
Gaps: 3.41 %
Invariant sites: 38.65 %

Partition 451: seqid
Model: GTR+FO+G4m+B
Alignment sites / patterns: 867 / 475
Gaps: 5.37 %
Invariant sites: 32.53 %

Partition 452: seqid
Model: GTR+FO+G4m+B
Alignment sites / patterns: 2007 / 955
Gaps: 4.89 %
Invariant sites: 35.28 %

Partition 453: seqid
Model: GTR+FO+G4m+B
Alignment sites / patterns: 1020 / 628
Gaps: 7.69 %
Invariant sites: 24.31 %

Partition 454: seqid
Model: GTR+FO+G4m+B
Alignment sites / patterns: 288 / 120
Gaps: 1.04 %
Invariant sites: 56.94 %

Partition 455: seqid
Model: GTR+FO+G4m+B
Alignment sites / patterns: 1224 / 528
Gaps: 6.03 %
Invariant sites: 44.44 %

Partition 456: seqid
Model: GTR+FO+G4m+B
Alignment sites / patterns: 1284 / 560
Gaps: 3.53 %
Invariant sites: 46.03 %

Partition 457: seqid
Model: GTR+FO+G4m+B
Alignment sites / patterns: 819 / 396
Gaps: 6.97 %
Invariant sites: 35.90 %

Partition 458: seqid
Model: GTR+FO+G4m+B
Alignment sites / patterns: 711 / 429
Gaps: 7.26 %
Invariant sites: 31.79 %

Partition 459: seqid
Model: GTR+FO+G4m+B
Alignment sites / patterns: 1230 / 502
Gaps: 2.70 %
Invariant sites: 45.37 %

Partition 460: seqid
Model: GTR+FO+G4m+B
Alignment sites / patterns: 1746 / 671
Gaps: 11.06 %
Invariant sites: 43.24 %

Partition 461: seqid
Model: GTR+FO+G4m+B
Alignment sites / patterns: 345 / 219
Gaps: 1.88 %
Invariant sites: 32.75 %

Partition 462: seqid
Model: GTR+FO+G4m+B
Alignment sites / patterns: 525 / 288
Gaps: 3.61 %
Invariant sites: 37.90 %

Partition 463: seqid
Model: GTR+FO+G4m+B
Alignment sites / patterns: 909 / 477
Gaps: 7.80 %
Invariant sites: 29.70 %

Partition 464: seqid
Model: GTR+FO+G4m+B
Alignment sites / patterns: 1494 / 619
Gaps: 1.12 %
Invariant sites: 37.22 %

Partition 465: seqid
Model: GTR+FO+G4m+B
Alignment sites / patterns: 1077 / 467
Gaps: 1.58 %
Invariant sites: 37.88 %

Partition 466: seqid
Model: GTR+FO+G4m+B
Alignment sites / patterns: 813 / 344
Gaps: 3.51 %
Invariant sites: 49.45 %

Partition 467: seqid
Model: GTR+FO+G4m+B
Alignment sites / patterns: 1698 / 869
Gaps: 2.78 %
Invariant sites: 31.27 %

Partition 468: seqid
Model: GTR+FO+G4m+B
Alignment sites / patterns: 483 / 274
Gaps: 3.60 %
Invariant sites: 34.78 %

Partition 469: seqid
Model: GTR+FO+G4m+B
Alignment sites / patterns: 216 / 150
Gaps: 5.72 %
Invariant sites: 25.93 %

Partition 470: seqid
Model: GTR+FO+G4m+B
Alignment sites / patterns: 303 / 167
Gaps: 9.82 %
Invariant sites: 38.94 %

Partition 471: seqid
Model: GTR+FO+G4m+B
Alignment sites / patterns: 1275 / 766
Gaps: 14.57 %
Invariant sites: 25.49 %

Partition 472: seqid
Model: GTR+FO+G4m+B
Alignment sites / patterns: 951 / 555
Gaps: 12.30 %
Invariant sites: 25.13 %

Partition 473: seqid
Model: GTR+FO+G4m+B
Alignment sites / patterns: 1008 / 412
Gaps: 0.27 %
Invariant sites: 48.12 %

Partition 474: seqid
Model: GTR+FO+G4m+B
Alignment sites / patterns: 321 / 194
Gaps: 10.02 %
Invariant sites: 36.14 %

Partition 475: seqid
Model: GTR+FO+G4m+B
Alignment sites / patterns: 1791 / 779
Gaps: 3.38 %
Invariant sites: 37.74 %

Partition 476: seqid
Model: GTR+FO+G4m+B
Alignment sites / patterns: 315 / 146
Gaps: 4.76 %
Invariant sites: 47.62 %

Partition 477: seqid
Model: GTR+FO+G4m+B
Alignment sites / patterns: 1047 / 583
Gaps: 7.20 %
Invariant sites: 26.55 %

Partition 478: seqid
Model: GTR+FO+G4m+B
Alignment sites / patterns: 753 / 445
Gaps: 3.14 %
Invariant sites: 35.06 %

Partition 479: seqid
Model: GTR+FO+G4m+B
Alignment sites / patterns: 570 / 277
Gaps: 1.52 %
Invariant sites: 36.32 %

Partition 480: seqid
Model: GTR+FO+G4m+B
Alignment sites / patterns: 2451 / 996
Gaps: 3.69 %
Invariant sites: 37.82 %

Partition 481: seqid
Model: GTR+FO+G4m+B
Alignment sites / patterns: 465 / 184
Gaps: 0.00 %
Invariant sites: 50.75 %

Partition 482: seqid
Model: GTR+FO+G4m+B
Alignment sites / patterns: 840 / 500
Gaps: 8.76 %
Invariant sites: 29.40 %

Partition 483: seqid
Model: GTR+FO+G4m+B
Alignment sites / patterns: 1467 / 615
Gaps: 4.30 %
Invariant sites: 43.76 %

Partition 484: seqid
Model: GTR+FO+G4m+B
Alignment sites / patterns: 762 / 456
Gaps: 5.91 %
Invariant sites: 28.74 %

Partition 485: seqid
Model: GTR+FO+G4m+B
Alignment sites / patterns: 753 / 437
Gaps: 3.17 %
Invariant sites: 33.20 %

Partition 486: seqid
Model: GTR+FO+G4m+B
Alignment sites / patterns: 390 / 192
Gaps: 6.83 %
Invariant sites: 44.87 %

Partition 487: seqid
Model: GTR+FO+G4m+B
Alignment sites / patterns: 759 / 303
Gaps: 0.02 %
Invariant sites: 48.35 %

Partition 488: seqid
Model: GTR+FO+G4m+B
Alignment sites / patterns: 489 / 267
Gaps: 9.25 %
Invariant sites: 39.26 %

Partition 489: seqid
Model: GTR+FO+G4m+B
Alignment sites / patterns: 573 / 249
Gaps: 0.02 %
Invariant sites: 45.72 %

Partition 490: seqid
Model: GTR+FO+G4m+B
Alignment sites / patterns: 411 / 201
Gaps: 2.07 %
Invariant sites: 40.88 %

Partition 491: seqid
Model: GTR+FO+G4m+B
Alignment sites / patterns: 777 / 497
Gaps: 4.85 %
Invariant sites: 26.64 %

Partition 492: seqid
Model: GTR+FO+G4m+B
Alignment sites / patterns: 1422 / 580
Gaps: 1.07 %
Invariant sites: 46.41 %

Partition 493: seqid
Model: GTR+FO+G4m+B
Alignment sites / patterns: 606 / 259
Gaps: 1.78 %
Invariant sites: 47.36 %

Partition 494: seqid
Model: GTR+FO+G4m+B
Alignment sites / patterns: 1341 / 528
Gaps: 3.82 %
Invariant sites: 51.38 %

Partition 495: seqid
Model: GTR+FO+G4m+B
Alignment sites / patterns: 2118 / 859
Gaps: 2.62 %
Invariant sites: 43.11 %

Partition 496: seqid
Model: GTR+FO+G4m+B
Alignment sites / patterns: 1095 / 655
Gaps: 15.09 %
Invariant sites: 26.67 %

Partition 497: seqid
Model: GTR+FO+G4m+B
Alignment sites / patterns: 759 / 460
Gaps: 2.67 %
Invariant sites: 27.93 %

Partition 498: seqid
Model: GTR+FO+G4m+B
Alignment sites / patterns: 864 / 401
Gaps: 2.51 %
Invariant sites: 39.70 %

Partition 499: seqid
Model: GTR+FO+G4m+B
Alignment sites / patterns: 1221 / 620
Gaps: 1.30 %
Invariant sites: 35.95 %

Partition 500: seqid
Model: GTR+FO+G4m+B
Alignment sites / patterns: 939 / 452
Gaps: 2.65 %
Invariant sites: 37.59 %

Partition 501: seqid
Model: GTR+FO+G4m+B
Alignment sites / patterns: 552 / 331
Gaps: 2.98 %
Invariant sites: 32.25 %

Partition 502: seqid
Model: GTR+FO+G4m+B
Alignment sites / patterns: 1038 / 476
Gaps: 4.52 %
Invariant sites: 42.10 %

Partition 503: seqid
Model: GTR+FO+G4m+B
Alignment sites / patterns: 1029 / 526
Gaps: 1.22 %
Invariant sites: 34.11 %

Partition 504: seqid
Model: GTR+FO+G4m+B
Alignment sites / patterns: 627 / 273
Gaps: 0.00 %
Invariant sites: 44.34 %

Partition 505: seqid
Model: GTR+FO+G4m+B
Alignment sites / patterns: 483 / 259
Gaps: 3.16 %
Invariant sites: 40.37 %

Partition 506: seqid
Model: GTR+FO+G4m+B
Alignment sites / patterns: 2394 / 1004
Gaps: 3.85 %
Invariant sites: 36.22 %

Partition 507: seqid
Model: GTR+FO+G4m+B
Alignment sites / patterns: 909 / 463
Gaps: 5.53 %
Invariant sites: 32.23 %

Partition 508: seqid
Model: GTR+FO+G4m+B
Alignment sites / patterns: 1317 / 668
Gaps: 17.50 %
Invariant sites: 44.42 %

Partition 509: seqid
Model: GTR+FO+G4m+B
Alignment sites / patterns: 1521 / 901
Gaps: 18.59 %
Invariant sites: 26.10 %

Partition 510: seqid
Model: GTR+FO+G4m+B
Alignment sites / patterns: 492 / 344
Gaps: 17.83 %
Invariant sites: 25.20 %

Partition 511: seqid
Model: GTR+FO+G4m+B
Alignment sites / patterns: 588 / 353
Gaps: 1.59 %
Invariant sites: 30.10 %

Partition 512: seqid
Model: GTR+FO+G4m+B
Alignment sites / patterns: 2955 / 1300
Gaps: 8.59 %
Invariant sites: 32.39 %

Partition 513: seqid
Model: GTR+FO+G4m+B
Alignment sites / patterns: 567 / 347
Gaps: 18.46 %
Invariant sites: 32.98 %

Partition 514: seqid
Model: GTR+FO+G4m+B
Alignment sites / patterns: 1338 / 594
Gaps: 1.04 %
Invariant sites: 37.67 %

Partition 515: seqid
Model: GTR+FO+G4m+B
Alignment sites / patterns: 1581 / 699
Gaps: 2.41 %
Invariant sites: 45.98 %

Partition 516: seqid
Model: GTR+FO+G4m+B
Alignment sites / patterns: 558 / 249
Gaps: 0.52 %
Invariant sites: 45.70 %

Partition 517: seqid
Model: GTR+FO+G4m+B
Alignment sites / patterns: 1200 / 686
Gaps: 9.70 %
Invariant sites: 33.75 %

Partition 518: seqid
Model: GTR+FO+G4m+B
Alignment sites / patterns: 639 / 370
Gaps: 6.93 %
Invariant sites: 29.26 %

Partition 519: seqid
Model: GTR+FO+G4m+B
Alignment sites / patterns: 1734 / 690
Gaps: 0.26 %
Invariant sites: 41.35 %

Partition 520: seqid
Model: GTR+FO+G4m+B
Alignment sites / patterns: 864 / 529
Gaps: 8.97 %
Invariant sites: 27.55 %

Partition 521: seqid
Model: GTR+FO+G4m+B
Alignment sites / patterns: 477 / 248
Gaps: 3.52 %
Invariant sites: 48.22 %

Partition 522: seqid
Model: GTR+FO+G4m+B
Alignment sites / patterns: 1200 / 639
Gaps: 2.59 %
Invariant sites: 34.08 %

Partition 523: seqid
Model: GTR+FO+G4m+B
Alignment sites / patterns: 1521 / 559
Gaps: 4.65 %
Invariant sites: 49.51 %

Partition 524: seqid
Model: GTR+FO+G4m+B
Alignment sites / patterns: 735 / 374
Gaps: 17.39 %
Invariant sites: 38.50 %

Partition 525: seqid
Model: GTR+FO+G4m+B
Alignment sites / patterns: 753 / 348
Gaps: 1.31 %
Invariant sites: 46.22 %

Partition 526: seqid
Model: GTR+FO+G4m+B
Alignment sites / patterns: 729 / 390
Gaps: 0.92 %
Invariant sites: 32.92 %

Partition 527: seqid
Model: GTR+FO+G4m+B
Alignment sites / patterns: 1347 / 813
Gaps: 4.32 %
Invariant sites: 25.24 %

Partition 528: seqid
Model: GTR+FO+G4m+B
Alignment sites / patterns: 918 / 419
Gaps: 3.79 %
Invariant sites: 44.01 %

Partition 529: seqid
Model: GTR+FO+G4m+B
Alignment sites / patterns: 849 / 475
Gaps: 7.19 %
Invariant sites: 30.51 %

Partition 530: seqid
Model: GTR+FO+G4m+B
Alignment sites / patterns: 1101 / 588
Gaps: 14.74 %
Invariant sites: 31.24 %

Partition 531: seqid
Model: GTR+FO+G4m+B
Alignment sites / patterns: 951 / 534
Gaps: 10.56 %
Invariant sites: 35.96 %

Partition 532: seqid
Model: GTR+FO+G4m+B
Alignment sites / patterns: 402 / 150
Gaps: 5.28 %
Invariant sites: 57.21 %

Partition 533: seqid
Model: GTR+FO+G4m+B
Alignment sites / patterns: 465 / 331
Gaps: 3.54 %
Invariant sites: 24.95 %

Partition 534: seqid
Model: GTR+FO+G4m+B
Alignment sites / patterns: 1146 / 529
Gaps: 1.25 %
Invariant sites: 38.13 %

Partition 535: seqid
Model: GTR+FO+G4m+B
Alignment sites / patterns: 366 / 157
Gaps: 5.15 %
Invariant sites: 51.37 %

Partition 536: seqid
Model: GTR+FO+G4m+B
Alignment sites / patterns: 2040 / 973
Gaps: 1.25 %
Invariant sites: 30.15 %

Partition 537: seqid
Model: GTR+FO+G4m+B
Alignment sites / patterns: 870 / 542
Gaps: 9.48 %
Invariant sites: 28.97 %

Partition 538: seqid
Model: GTR+FO+G4m+B
Alignment sites / patterns: 375 / 195
Gaps: 2.08 %
Invariant sites: 40.80 %

Partition 539: seqid
Model: GTR+FO+G4m+B
Alignment sites / patterns: 543 / 361
Gaps: 11.05 %
Invariant sites: 21.36 %

Partition 540: seqid
Model: GTR+FO+G4m+B
Alignment sites / patterns: 1743 / 800
Gaps: 0.70 %
Invariant sites: 33.39 %

Partition 541: seqid
Model: GTR+FO+G4m+B
Alignment sites / patterns: 2823 / 1036
Gaps: 2.45 %
Invariant sites: 43.39 %

Partition 542: seqid
Model: GTR+FO+G4m+B
Alignment sites / patterns: 1398 / 642
Gaps: 6.69 %
Invariant sites: 31.90 %

Partition 543: seqid
Model: GTR+FO+G4m+B
Alignment sites / patterns: 858 / 356
Gaps: 0.29 %
Invariant sites: 47.67 %

Partition 544: seqid
Model: GTR+FO+G4m+B
Alignment sites / patterns: 1296 / 521
Gaps: 0.39 %
Invariant sites: 45.29 %

Partition 545: seqid
Model: GTR+FO+G4m+B
Alignment sites / patterns: 627 / 288
Gaps: 0.11 %
Invariant sites: 46.89 %

Partition 546: seqid
Model: GTR+FO+G4m+B
Alignment sites / patterns: 501 / 232
Gaps: 2.83 %
Invariant sites: 45.31 %

Partition 547: seqid
Model: GTR+FO+G4m+B
Alignment sites / patterns: 450 / 252
Gaps: 8.85 %
Invariant sites: 32.00 %

Partition 548: seqid
Model: GTR+FO+G4m+B
Alignment sites / patterns: 900 / 560
Gaps: 9.20 %
Invariant sites: 26.56 %

Partition 549: seqid
Model: GTR+FO+G4m+B
Alignment sites / patterns: 1011 / 590
Gaps: 8.78 %
Invariant sites: 28.88 %

Partition 550: seqid
Model: GTR+FO+G4m+B
Alignment sites / patterns: 840 / 352
Gaps: 0.97 %
Invariant sites: 47.74 %

Partition 551: seqid
Model: GTR+FO+G4m+B
Alignment sites / patterns: 390 / 230
Gaps: 7.17 %
Invariant sites: 38.97 %

Partition 552: seqid
Model: GTR+FO+G4m+B
Alignment sites / patterns: 738 / 415
Gaps: 3.09 %
Invariant sites: 33.33 %

Partition 553: seqid
Model: GTR+FO+G4m+B
Alignment sites / patterns: 684 / 416
Gaps: 11.04 %
Invariant sites: 27.78 %

Partition 554: seqid
Model: GTR+FO+G4m+B
Alignment sites / patterns: 360 / 197
Gaps: 2.80 %
Invariant sites: 40.28 %

Partition 555: seqid
Model: GTR+FO+G4m+B
Alignment sites / patterns: 1146 / 573
Gaps: 1.75 %
Invariant sites: 31.68 %

Partition 556: seqid
Model: GTR+FO+G4m+B
Alignment sites / patterns: 855 / 492
Gaps: 6.44 %
Invariant sites: 31.11 %

Partition 557: seqid
Model: GTR+FO+G4m+B
Alignment sites / patterns: 414 / 224
Gaps: 17.65 %
Invariant sites: 41.30 %

Partition 558: seqid
Model: GTR+FO+G4m+B
Alignment sites / patterns: 1155 / 644
Gaps: 4.73 %
Invariant sites: 23.81 %

Partition 559: seqid
Model: GTR+FO+G4m+B
Alignment sites / patterns: 1533 / 589
Gaps: 1.78 %
Invariant sites: 43.18 %

Partition 560: seqid
Model: GTR+FO+G4m+B
Alignment sites / patterns: 972 / 342
Gaps: 0.00 %
Invariant sites: 52.98 %

Partition 561: seqid
Model: GTR+FO+G4m+B
Alignment sites / patterns: 975 / 431
Gaps: 1.81 %
Invariant sites: 43.49 %

Partition 562: seqid
Model: GTR+FO+G4m+B
Alignment sites / patterns: 2496 / 892
Gaps: 2.09 %
Invariant sites: 48.60 %

Partition 563: seqid
Model: GTR+FO+G4m+B
Alignment sites / patterns: 1137 / 601
Gaps: 4.01 %
Invariant sites: 29.64 %

Partition 564: seqid
Model: GTR+FO+G4m+B
Alignment sites / patterns: 1257 / 630
Gaps: 2.90 %
Invariant sites: 30.55 %

Partition 565: seqid
Model: GTR+FO+G4m+B
Alignment sites / patterns: 318 / 239
Gaps: 13.17 %
Invariant sites: 18.87 %

Partition 566: seqid
Model: GTR+FO+G4m+B
Alignment sites / patterns: 666 / 285
Gaps: 14.50 %
Invariant sites: 44.89 %

Partition 567: seqid
Model: GTR+FO+G4m+B
Alignment sites / patterns: 1287 / 520
Gaps: 6.12 %
Invariant sites: 41.03 %

Partition 568: seqid
Model: GTR+FO+G4m+B
Alignment sites / patterns: 1353 / 367
Gaps: 36.41 %
Invariant sites: 64.97 %

Partition 569: seqid
Model: GTR+FO+G4m+B
Alignment sites / patterns: 990 / 564
Gaps: 13.03 %
Invariant sites: 29.60 %

Partition 570: seqid
Model: GTR+FO+G4m+B
Alignment sites / patterns: 1158 / 697
Gaps: 4.61 %
Invariant sites: 24.35 %

Partition 571: seqid
Model: GTR+FO+G4m+B
Alignment sites / patterns: 924 / 440
Gaps: 7.84 %
Invariant sites: 37.77 %

Partition 572: seqid
Model: GTR+FO+G4m+B
Alignment sites / patterns: 657 / 289
Gaps: 8.47 %
Invariant sites: 52.66 %

Partition 573: seqid
Model: GTR+FO+G4m+B
Alignment sites / patterns: 402 / 160
Gaps: 0.00 %
Invariant sites: 56.22 %

Partition 574: seqid
Model: GTR+FO+G4m+B
Alignment sites / patterns: 2214 / 639
Gaps: 33.54 %
Invariant sites: 60.84 %

Partition 575: seqid
Model: GTR+FO+G4m+B
Alignment sites / patterns: 1887 / 709
Gaps: 2.68 %
Invariant sites: 46.37 %

Partition 576: seqid
Model: GTR+FO+G4m+B
Alignment sites / patterns: 948 / 379
Gaps: 0.28 %
Invariant sites: 47.26 %

Partition 577: seqid
Model: GTR+FO+G4m+B
Alignment sites / patterns: 615 / 379
Gaps: 7.57 %
Invariant sites: 31.22 %

Partition 578: seqid
Model: GTR+FO+G4m+B
Alignment sites / patterns: 1149 / 543
Gaps: 3.68 %
Invariant sites: 37.25 %

Partition 579: seqid
Model: GTR+FO+G4m+B
Alignment sites / patterns: 960 / 582
Gaps: 9.79 %
Invariant sites: 28.75 %

Partition 580: seqid
Model: GTR+FO+G4m+B
Alignment sites / patterns: 672 / 400
Gaps: 9.05 %
Invariant sites: 31.40 %

Partition 581: seqid
Model: GTR+FO+G4m+B
Alignment sites / patterns: 792 / 355
Gaps: 10.59 %
Invariant sites: 46.72 %

Partition 582: seqid
Model: GTR+FO+G4m+B
Alignment sites / patterns: 1188 / 435
Gaps: 0.21 %
Invariant sites: 52.27 %

Partition 583: seqid
Model: GTR+FO+G4m+B
Alignment sites / patterns: 1617 / 491
Gaps: 0.18 %
Invariant sites: 57.70 %

Partition 584: seqid
Model: GTR+FO+G4m+B
Alignment sites / patterns: 2076 / 970
Gaps: 7.26 %
Invariant sites: 33.96 %

Partition 585: seqid
Model: GTR+FO+G4m+B
Alignment sites / patterns: 366 / 166
Gaps: 0.00 %
Invariant sites: 46.72 %

Partition 586: seqid
Model: GTR+FO+G4m+B
Alignment sites / patterns: 1365 / 645
Gaps: 0.82 %
Invariant sites: 35.16 %

Partition 587: seqid
Model: GTR+FO+G4m+B
Alignment sites / patterns: 1104 / 518
Gaps: 5.08 %
Invariant sites: 40.22 %

Partition 588: seqid
Model: GTR+FO+G4m+B
Alignment sites / patterns: 1080 / 519
Gaps: 1.39 %
Invariant sites: 38.43 %

Partition 589: seqid
Model: GTR+FO+G4m+B
Alignment sites / patterns: 846 / 547
Gaps: 5.25 %
Invariant sites: 21.87 %

Partition 590: seqid
Model: GTR+FO+G4m+B
Alignment sites / patterns: 1356 / 685
Gaps: 3.09 %
Invariant sites: 37.24 %

Partition 591: seqid
Model: GTR+FO+G4m+B
Alignment sites / patterns: 996 / 390
Gaps: 6.48 %
Invariant sites: 52.31 %

Partition 592: seqid
Model: GTR+FO+G4m+B
Alignment sites / patterns: 840 / 473
Gaps: 0.79 %
Invariant sites: 26.31 %

Partition 593: seqid
Model: GTR+FO+G4m+B
Alignment sites / patterns: 1977 / 829
Gaps: 28.18 %
Invariant sites: 35.26 %

Partition 594: seqid
Model: GTR+FO+G4m+B
Alignment sites / patterns: 1725 / 877
Gaps: 3.07 %
Invariant sites: 29.22 %

Partition 595: seqid
Model: GTR+FO+G4m+B
Alignment sites / patterns: 783 / 311
Gaps: 0.00 %
Invariant sites: 49.43 %

Partition 596: seqid
Model: GTR+FO+G4m+B
Alignment sites / patterns: 1281 / 626
Gaps: 1.86 %
Invariant sites: 35.83 %

Partition 597: seqid
Model: GTR+FO+G4m+B
Alignment sites / patterns: 417 / 227
Gaps: 21.47 %
Invariant sites: 43.41 %

Partition 598: seqid
Model: GTR+FO+G4m+B
Alignment sites / patterns: 1362 / 604
Gaps: 6.24 %
Invariant sites: 41.04 %

Partition 599: seqid
Model: GTR+FO+G4m+B
Alignment sites / patterns: 1299 / 622
Gaps: 4.51 %
Invariant sites: 33.33 %

Partition 600: seqid
Model: GTR+FO+G4m+B
Alignment sites / patterns: 585 / 391
Gaps: 11.10 %
Invariant sites: 27.86 %

Partition 601: seqid
Model: GTR+FO+G4m+B
Alignment sites / patterns: 1263 / 556
Gaps: 2.28 %
Invariant sites: 43.31 %

Partition 602: seqid
Model: GTR+FO+G4m+B
Alignment sites / patterns: 972 / 435
Gaps: 1.80 %
Invariant sites: 43.31 %

Partition 603: seqid
Model: GTR+FO+G4m+B
Alignment sites / patterns: 732 / 380
Gaps: 1.10 %
Invariant sites: 31.15 %

Partition 604: seqid
Model: GTR+FO+G4m+B
Alignment sites / patterns: 594 / 332
Gaps: 4.12 %
Invariant sites: 32.15 %

Partition 605: seqid
Model: GTR+FO+G4m+B
Alignment sites / patterns: 933 / 399
Gaps: 0.68 %
Invariant sites: 40.51 %

Partition 606: seqid
Model: GTR+FO+G4m+B
Alignment sites / patterns: 1104 / 616
Gaps: 7.90 %
Invariant sites: 28.62 %

Partition 607: seqid
Model: GTR+FO+G4m+B
Alignment sites / patterns: 246 / 144
Gaps: 31.61 %
Invariant sites: 43.90 %

Partition 608: seqid
Model: GTR+FO+G4m+B
Alignment sites / patterns: 438 / 225
Gaps: 2.27 %
Invariant sites: 43.15 %

Partition 609: seqid
Model: GTR+FO+G4m+B
Alignment sites / patterns: 1461 / 570
Gaps: 1.11 %
Invariant sites: 43.60 %

Partition 610: seqid
Model: GTR+FO+G4m+B
Alignment sites / patterns: 1551 / 622
Gaps: 3.31 %
Invariant sites: 38.75 %

Partition 611: seqid
Model: GTR+FO+G4m+B
Alignment sites / patterns: 1362 / 618
Gaps: 4.11 %
Invariant sites: 36.56 %

Partition 612: seqid
Model: GTR+FO+G4m+B
Alignment sites / patterns: 825 / 472
Gaps: 3.16 %
Invariant sites: 31.88 %

Partition 613: seqid
Model: GTR+FO+G4m+B
Alignment sites / patterns: 1440 / 731
Gaps: 4.38 %
Invariant sites: 28.75 %

Partition 614: seqid
Model: GTR+FO+G4m+B
Alignment sites / patterns: 1341 / 732
Gaps: 2.76 %
Invariant sites: 27.37 %

Partition 615: seqid
Model: GTR+FO+G4m+B
Alignment sites / patterns: 1941 / 807
Gaps: 1.07 %
Invariant sites: 41.01 %

Partition 616: seqid
Model: GTR+FO+G4m+B
Alignment sites / patterns: 1155 / 543
Gaps: 3.42 %
Invariant sites: 37.66 %

Partition 617: seqid
Model: GTR+FO+G4m+B
Alignment sites / patterns: 567 / 297
Gaps: 5.99 %
Invariant sites: 32.80 %

Partition 618: seqid
Model: GTR+FO+G4m+B
Alignment sites / patterns: 1554 / 542
Gaps: 1.89 %
Invariant sites: 46.98 %

Partition 619: seqid
Model: GTR+FO+G4m+B
Alignment sites / patterns: 1257 / 816
Gaps: 4.45 %
Invariant sites: 16.95 %

Partition 620: seqid
Model: GTR+FO+G4m+B
Alignment sites / patterns: 657 / 390
Gaps: 5.83 %
Invariant sites: 29.38 %

Partition 621: seqid
Model: GTR+FO+G4m+B
Alignment sites / patterns: 1011 / 493
Gaps: 4.00 %
Invariant sites: 30.86 %

Partition 622: seqid
Model: GTR+FO+G4m+B
Alignment sites / patterns: 1068 / 535
Gaps: 11.63 %
Invariant sites: 31.74 %

Partition 623: seqid
Model: GTR+FO+G4m+B
Alignment sites / patterns: 1281 / 489
Gaps: 0.10 %
Invariant sites: 49.73 %

Partition 624: seqid
Model: GTR+FO+G4m+B
Alignment sites / patterns: 1836 / 648
Gaps: 36.89 %
Invariant sites: 55.34 %

Partition 625: seqid
Model: GTR+FO+G4m+B
Alignment sites / patterns: 852 / 301
Gaps: 2.76 %
Invariant sites: 55.16 %

Partition 626: seqid
Model: GTR+FO+G4m+B
Alignment sites / patterns: 366 / 192
Gaps: 6.03 %
Invariant sites: 37.98 %

Partition 627: seqid
Model: GTR+FO+G4m+B
Alignment sites / patterns: 906 / 505
Gaps: 3.89 %
Invariant sites: 30.57 %

Partition 628: seqid
Model: GTR+FO+G4m+B
Alignment sites / patterns: 1065 / 536
Gaps: 1.17 %
Invariant sites: 37.09 %

Partition 629: seqid
Model: GTR+FO+G4m+B
Alignment sites / patterns: 1200 / 623
Gaps: 0.94 %
Invariant sites: 32.25 %

Partition 630: seqid
Model: GTR+FO+G4m+B
Alignment sites / patterns: 1452 / 646
Gaps: 3.10 %
Invariant sites: 35.40 %

Partition 631: seqid
Model: GTR+FO+G4m+B
Alignment sites / patterns: 702 / 428
Gaps: 6.96 %
Invariant sites: 26.92 %

Partition 632: seqid
Model: GTR+FO+G4m+B
Alignment sites / patterns: 609 / 339
Gaps: 12.06 %
Invariant sites: 31.03 %

Partition 633: seqid
Model: GTR+FO+G4m+B
Alignment sites / patterns: 1449 / 488
Gaps: 0.21 %
Invariant sites: 52.10 %

Partition 634: seqid
Model: GTR+FO+G4m+B
Alignment sites / patterns: 720 / 262
Gaps: 0.40 %
Invariant sites: 53.75 %

Partition 635: seqid
Model: GTR+FO+G4m+B
Alignment sites / patterns: 1041 / 564
Gaps: 4.76 %
Invariant sites: 23.25 %

Partition 636: seqid
Model: GTR+FO+G4m+B
Alignment sites / patterns: 867 / 454
Gaps: 4.64 %
Invariant sites: 34.26 %

Partition 637: seqid
Model: GTR+FO+G4m+B
Alignment sites / patterns: 369 / 170
Gaps: 3.71 %
Invariant sites: 47.43 %

Partition 638: seqid
Model: GTR+FO+G4m+B
Alignment sites / patterns: 447 / 203
Gaps: 1.42 %
Invariant sites: 43.85 %

Partition 639: seqid
Model: GTR+FO+G4m+B
Alignment sites / patterns: 1383 / 670
Gaps: 5.79 %
Invariant sites: 38.25 %

Partition 640: seqid
Model: GTR+FO+G4m+B
Alignment sites / patterns: 2544 / 901
Gaps: 2.28 %
Invariant sites: 44.50 %

Partition 641: seqid
Model: GTR+FO+G4m+B
Alignment sites / patterns: 1002 / 386
Gaps: 0.35 %
Invariant sites: 49.70 %

Partition 642: seqid
Model: GTR+FO+G4m+B
Alignment sites / patterns: 2610 / 847
Gaps: 0.61 %
Invariant sites: 45.52 %

Partition 643: seqid
Model: GTR+FO+G4m+B
Alignment sites / patterns: 732 / 456
Gaps: 14.92 %
Invariant sites: 28.83 %

Partition 644: seqid
Model: GTR+FO+G4m+B
Alignment sites / patterns: 1284 / 536
Gaps: 0.72 %
Invariant sites: 44.55 %

Partition 645: seqid
Model: GTR+FO+G4m+B
Alignment sites / patterns: 1170 / 588
Gaps: 3.11 %
Invariant sites: 34.96 %

Partition 646: seqid
Model: GTR+FO+G4m+B
Alignment sites / patterns: 717 / 385
Gaps: 12.92 %
Invariant sites: 30.96 %

Partition 647: seqid
Model: GTR+FO+G4m+B
Alignment sites / patterns: 1068 / 430
Gaps: 1.28 %
Invariant sites: 43.26 %

Partition 648: seqid
Model: GTR+FO+G4m+B
Alignment sites / patterns: 270 / 147
Gaps: 2.09 %
Invariant sites: 45.56 %

Partition 649: seqid
Model: GTR+FO+G4m+B
Alignment sites / patterns: 1002 / 604
Gaps: 7.88 %
Invariant sites: 33.83 %

Partition 650: seqid
Model: GTR+FO+G4m+B
Alignment sites / patterns: 1056 / 644
Gaps: 4.19 %
Invariant sites: 24.05 %

Partition 651: seqid
Model: GTR+FO+G4m+B
Alignment sites / patterns: 993 / 405
Gaps: 0.97 %
Invariant sites: 45.52 %

Partition 652: seqid
Model: GTR+FO+G4m+B
Alignment sites / patterns: 2070 / 849
Gaps: 2.31 %
Invariant sites: 44.15 %

Partition 653: seqid
Model: GTR+FO+G4m+B
Alignment sites / patterns: 1398 / 617
Gaps: 1.59 %
Invariant sites: 39.56 %

Partition 654: seqid
Model: GTR+FO+G4m+B
Alignment sites / patterns: 1785 / 838
Gaps: 6.16 %
Invariant sites: 41.96 %

Partition 655: seqid
Model: GTR+FO+G4m+B
Alignment sites / patterns: 798 / 385
Gaps: 5.52 %
Invariant sites: 41.23 %

Partition 656: seqid
Model: GTR+FO+G4m+B
Alignment sites / patterns: 753 / 364
Gaps: 0.78 %
Invariant sites: 38.78 %

Partition 657: seqid
Model: GTR+FO+G4m+B
Alignment sites / patterns: 1002 / 517
Gaps: 2.48 %
Invariant sites: 37.72 %

Partition 658: seqid
Model: GTR+FO+G4m+B
Alignment sites / patterns: 1326 / 694
Gaps: 3.00 %
Invariant sites: 30.24 %

Partition 659: seqid
Model: GTR+FO+G4m+B
Alignment sites / patterns: 297 / 179
Gaps: 5.90 %
Invariant sites: 30.98 %

Partition 660: seqid
Model: GTR+FO+G4m+B
Alignment sites / patterns: 1518 / 839
Gaps: 4.17 %
Invariant sites: 26.28 %

Partition 661: seqid
Model: GTR+FO+G4m+B
Alignment sites / patterns: 273 / 109
Gaps: 1.05 %
Invariant sites: 50.18 %

Partition 662: seqid
Model: GTR+FO+G4m+B
Alignment sites / patterns: 825 / 507
Gaps: 10.56 %
Invariant sites: 32.85 %

Partition 663: seqid
Model: GTR+FO+G4m+B
Alignment sites / patterns: 873 / 500
Gaps: 2.63 %
Invariant sites: 32.30 %

Partition 664: seqid
Model: GTR+FO+G4m+B
Alignment sites / patterns: 804 / 533
Gaps: 17.10 %
Invariant sites: 25.62 %

Partition 665: seqid
Model: GTR+FO+G4m+B
Alignment sites / patterns: 798 / 398
Gaps: 1.38 %
Invariant sites: 32.58 %

Partition 666: seqid
Model: GTR+FO+G4m+B
Alignment sites / patterns: 1011 / 417
Gaps: 0.30 %
Invariant sites: 45.40 %

Partition 667: seqid
Model: GTR+FO+G4m+B
Alignment sites / patterns: 399 / 222
Gaps: 1.89 %
Invariant sites: 36.84 %

Partition 668: seqid
Model: GTR+FO+G4m+B
Alignment sites / patterns: 2649 / 1218
Gaps: 2.89 %
Invariant sites: 31.29 %

Partition 669: seqid
Model: GTR+FO+G4m+B
Alignment sites / patterns: 1617 / 810
Gaps: 5.26 %
Invariant sites: 36.49 %

Partition 670: seqid
Model: GTR+FO+G4m+B
Alignment sites / patterns: 306 / 108
Gaps: 0.00 %
Invariant sites: 59.15 %

Partition 671: seqid
Model: GTR+FO+G4m+B
Alignment sites / patterns: 627 / 379
Gaps: 10.56 %
Invariant sites: 32.70 %

Partition 672: seqid
Model: GTR+FO+G4m+B
Alignment sites / patterns: 2157 / 1070
Gaps: 6.95 %
Invariant sites: 26.33 %

Partition 673: seqid
Model: GTR+FO+G4m+B
Alignment sites / patterns: 558 / 351
Gaps: 26.54 %
Invariant sites: 20.61 %

Partition 674: seqid
Model: GTR+FO+G4m+B
Alignment sites / patterns: 2277 / 1297
Gaps: 13.94 %
Invariant sites: 30.13 %

Partition 675: seqid
Model: GTR+FO+G4m+B
Alignment sites / patterns: 462 / 271
Gaps: 3.12 %
Invariant sites: 35.50 %

Partition 676: seqid
Model: GTR+FO+G4m+B
Alignment sites / patterns: 1113 / 547
Gaps: 3.75 %
Invariant sites: 34.77 %

Partition 677: seqid
Model: GTR+FO+G4m+B
Alignment sites / patterns: 180 / 86
Gaps: 0.00 %
Invariant sites: 46.67 %

Partition 678: seqid
Model: GTR+FO+G4m+B
Alignment sites / patterns: 645 / 333
Gaps: 0.32 %
Invariant sites: 33.33 %

Partition 679: seqid
Model: GTR+FO+G4m+B
Alignment sites / patterns: 1023 / 677
Gaps: 4.61 %
Invariant sites: 17.79 %

Partition 680: seqid
Model: GTR+FO+G4m+B
Alignment sites / patterns: 465 / 312
Gaps: 8.10 %
Invariant sites: 28.60 %

Partition 681: seqid
Model: GTR+FO+G4m+B
Alignment sites / patterns: 3387 / 1727
Gaps: 5.95 %
Invariant sites: 24.27 %

Partition 682: seqid
Model: GTR+FO+G4m+B
Alignment sites / patterns: 627 / 322
Gaps: 5.42 %
Invariant sites: 34.29 %

Partition 683: seqid
Model: GTR+FO+G4m+B
Alignment sites / patterns: 204 / 118
Gaps: 1.41 %
Invariant sites: 36.76 %

Partition 684: seqid
Model: GTR+FO+G4m+B
Alignment sites / patterns: 1380 / 599
Gaps: 9.01 %
Invariant sites: 41.09 %

Partition 685: seqid
Model: GTR+FO+G4m+B
Alignment sites / patterns: 579 / 235
Gaps: 37.41 %
Invariant sites: 55.79 %

Partition 686: seqid
Model: GTR+FO+G4m+B
Alignment sites / patterns: 2388 / 1013
Gaps: 30.19 %
Invariant sites: 44.51 %

Partition 687: seqid
Model: GTR+FO+G4m+B
Alignment sites / patterns: 2040 / 1002
Gaps: 2.39 %
Invariant sites: 32.84 %

Partition 688: seqid
Model: GTR+FO+G4m+B
Alignment sites / patterns: 1107 / 391
Gaps: 0.52 %
Invariant sites: 54.74 %

Partition 689: seqid
Model: GTR+FO+G4m+B
Alignment sites / patterns: 690 / 411
Gaps: 5.65 %
Invariant sites: 28.12 %

Partition 690: seqid
Model: GTR+FO+G4m+B
Alignment sites / patterns: 1326 / 393
Gaps: 53.26 %
Invariant sites: 63.95 %

Partition 691: seqid
Model: GTR+FO+G4m+B
Alignment sites / patterns: 1029 / 398
Gaps: 2.19 %
Invariant sites: 48.10 %

Partition 692: seqid
Model: GTR+FO+G4m+B
Alignment sites / patterns: 981 / 444
Gaps: 2.42 %
Invariant sites: 42.51 %

Partition 693: seqid
Model: GTR+FO+G4m+B
Alignment sites / patterns: 1488 / 787
Gaps: 7.27 %
Invariant sites: 28.70 %

Partition 694: seqid
Model: GTR+FO+G4m+B
Alignment sites / patterns: 390 / 213
Gaps: 11.57 %
Invariant sites: 44.10 %

Partition 695: seqid
Model: GTR+FO+G4m+B
Alignment sites / patterns: 696 / 399
Gaps: 3.95 %
Invariant sites: 26.87 %

Partition 696: seqid
Model: GTR+FO+G4m+B
Alignment sites / patterns: 1413 / 697
Gaps: 4.32 %
Invariant sites: 32.13 %

Partition 697: seqid
Model: GTR+FO+G4m+B
Alignment sites / patterns: 810 / 437
Gaps: 8.68 %
Invariant sites: 32.72 %

Partition 698: seqid
Model: GTR+FO+G4m+B
Alignment sites / patterns: 294 / 181
Gaps: 0.00 %
Invariant sites: 29.59 %

Partition 699: seqid
Model: GTR+FO+G4m+B
Alignment sites / patterns: 918 / 411
Gaps: 0.17 %
Invariant sites: 42.05 %

Partition 700: seqid
Model: GTR+FO+G4m+B
Alignment sites / patterns: 462 / 290
Gaps: 19.40 %
Invariant sites: 35.71 %

Partition 701: seqid
Model: GTR+FO+G4m+B
Alignment sites / patterns: 453 / 282
Gaps: 13.40 %
Invariant sites: 33.77 %

Partition 702: seqid
Model: GTR+FO+G4m+B
Alignment sites / patterns: 1545 / 606
Gaps: 0.05 %
Invariant sites: 49.13 %

Partition 703: seqid
Model: GTR+FO+G4m+B
Alignment sites / patterns: 1182 / 717
Gaps: 22.88 %
Invariant sites: 30.96 %

Partition 704: seqid
Model: GTR+FO+G4m+B
Alignment sites / patterns: 291 / 152
Gaps: 0.33 %
Invariant sites: 40.55 %

Partition 705: seqid
Model: GTR+FO+G4m+B
Alignment sites / patterns: 642 / 419
Gaps: 5.72 %
Invariant sites: 28.66 %

Partition 706: seqid
Model: GTR+FO+G4m+B
Alignment sites / patterns: 240 / 118
Gaps: 0.10 %
Invariant sites: 45.42 %

Partition 707: seqid
Model: GTR+FO+G4m+B
Alignment sites / patterns: 786 / 367
Gaps: 0.00 %
Invariant sites: 40.71 %

Partition 708: seqid
Model: GTR+FO+G4m+B
Alignment sites / patterns: 396 / 225
Gaps: 11.88 %
Invariant sites: 36.36 %

Partition 709: seqid
Model: GTR+FO+G4m+B
Alignment sites / patterns: 906 / 471
Gaps: 19.89 %
Invariant sites: 31.35 %

Partition 710: seqid
Model: GTR+FO+G4m+B
Alignment sites / patterns: 2079 / 917
Gaps: 3.32 %
Invariant sites: 40.36 %

Partition 711: seqid
Model: GTR+FO+G4m+B
Alignment sites / patterns: 570 / 359
Gaps: 3.58 %
Invariant sites: 29.82 %

Partition 712: seqid
Model: GTR+FO+G4m+B
Alignment sites / patterns: 558 / 305
Gaps: 2.34 %
Invariant sites: 32.80 %

Partition 713: seqid
Model: GTR+FO+G4m+B
Alignment sites / patterns: 1407 / 543
Gaps: 1.54 %
Invariant sites: 43.71 %

Partition 714: seqid
Model: GTR+FO+G4m+B
Alignment sites / patterns: 252 / 160
Gaps: 12.00 %
Invariant sites: 33.73 %

Partition 715: seqid
Model: GTR+FO+G4m+B
Alignment sites / patterns: 486 / 315
Gaps: 19.83 %
Invariant sites: 26.75 %

Partition 716: seqid
Model: GTR+FO+G4m+B
Alignment sites / patterns: 777 / 349
Gaps: 2.18 %
Invariant sites: 44.53 %

Partition 717: seqid
Model: GTR+FO+G4m+B
Alignment sites / patterns: 2094 / 998
Gaps: 7.68 %
Invariant sites: 31.52 %

Partition 718: seqid
Model: GTR+FO+G4m+B
Alignment sites / patterns: 495 / 250
Gaps: 7.32 %
Invariant sites: 38.99 %

Partition 719: seqid
Model: GTR+FO+G4m+B
Alignment sites / patterns: 597 / 336
Gaps: 12.70 %
Invariant sites: 35.01 %

Partition 720: seqid
Model: GTR+FO+G4m+B
Alignment sites / patterns: 1257 / 732
Gaps: 4.80 %
Invariant sites: 25.78 %

Partition 721: seqid
Model: GTR+FO+G4m+B
Alignment sites / patterns: 858 / 473
Gaps: 2.35 %
Invariant sites: 27.51 %

Partition 722: seqid
Model: GTR+FO+G4m+B
Alignment sites / patterns: 1551 / 689
Gaps: 1.58 %
Invariant sites: 38.17 %

Partition 723: seqid
Model: GTR+FO+G4m+B
Alignment sites / patterns: 201 / 122
Gaps: 2.75 %
Invariant sites: 39.30 %

Partition 724: seqid
Model: GTR+FO+G4m+B
Alignment sites / patterns: 810 / 352
Gaps: 31.73 %
Invariant sites: 50.37 %

Partition 725: seqid
Model: GTR+FO+G4m+B
Alignment sites / patterns: 354 / 179
Gaps: 11.25 %
Invariant sites: 42.09 %

Partition 726: seqid
Model: GTR+FO+G4m+B
Alignment sites / patterns: 834 / 512
Gaps: 7.64 %
Invariant sites: 28.54 %

Partition 727: seqid
Model: GTR+FO+G4m+B
Alignment sites / patterns: 1782 / 775
Gaps: 2.50 %
Invariant sites: 39.62 %

Partition 728: seqid
Model: GTR+FO+G4m+B
Alignment sites / patterns: 684 / 364
Gaps: 7.63 %
Invariant sites: 42.84 %

Partition 729: seqid
Model: GTR+FO+G4m+B
Alignment sites / patterns: 1365 / 603
Gaps: 1.24 %
Invariant sites: 40.22 %

Partition 730: seqid
Model: GTR+FO+G4m+B
Alignment sites / patterns: 1641 / 721
Gaps: 0.27 %
Invariant sites: 36.20 %

Partition 731: seqid
Model: GTR+FO+G4m+B
Alignment sites / patterns: 1299 / 688
Gaps: 2.74 %
Invariant sites: 24.40 %

Partition 732: seqid
Model: GTR+FO+G4m+B
Alignment sites / patterns: 828 / 408
Gaps: 9.38 %
Invariant sites: 39.37 %

Partition 733: seqid
Model: GTR+FO+G4m+B
Alignment sites / patterns: 1314 / 510
Gaps: 1.13 %
Invariant sites: 45.66 %

Partition 734: seqid
Model: GTR+FO+G4m+B
Alignment sites / patterns: 873 / 448
Gaps: 15.89 %
Invariant sites: 38.49 %

Partition 735: seqid
Model: GTR+FO+G4m+B
Alignment sites / patterns: 279 / 124
Gaps: 1.16 %
Invariant sites: 53.76 %

Partition 736: seqid
Model: GTR+FO+G4m+B
Alignment sites / patterns: 1047 / 617
Gaps: 8.70 %
Invariant sites: 34.48 %

Partition 737: seqid
Model: GTR+FO+G4m+B
Alignment sites / patterns: 2595 / 1427
Gaps: 10.62 %
Invariant sites: 22.50 %

Partition 738: seqid
Model: GTR+FO+G4m+B
Alignment sites / patterns: 291 / 180
Gaps: 19.13 %
Invariant sites: 34.71 %

Partition 739: seqid
Model: GTR+FO+G4m+B
Alignment sites / patterns: 261 / 169
Gaps: 5.38 %
Invariant sites: 24.90 %

Partition 740: seqid
Model: GTR+FO+G4m+B
Alignment sites / patterns: 666 / 284
Gaps: 22.59 %
Invariant sites: 53.75 %

Partition 741: seqid
Model: GTR+FO+G4m+B
Alignment sites / patterns: 756 / 324
Gaps: 0.40 %
Invariant sites: 40.21 %

Partition 742: seqid
Model: GTR+FO+G4m+B
Alignment sites / patterns: 954 / 426
Gaps: 1.30 %
Invariant sites: 46.23 %

Partition 743: seqid
Model: GTR+FO+G4m+B
Alignment sites / patterns: 1155 / 608
Gaps: 3.57 %
Invariant sites: 39.13 %

Partition 744: seqid
Model: GTR+FO+G4m+B
Alignment sites / patterns: 384 / 235
Gaps: 5.75 %
Invariant sites: 34.11 %

Partition 745: seqid
Model: GTR+FO+G4m+B
Alignment sites / patterns: 903 / 429
Gaps: 0.31 %
Invariant sites: 40.20 %

Partition 746: seqid
Model: GTR+FO+G4m+B
Alignment sites / patterns: 1113 / 535
Gaps: 1.27 %
Invariant sites: 31.72 %

Partition 747: seqid
Model: GTR+FO+G4m+B
Alignment sites / patterns: 555 / 274
Gaps: 7.07 %
Invariant sites: 33.87 %

Partition 748: seqid
Model: GTR+FO+G4m+B
Alignment sites / patterns: 1392 / 662
Gaps: 4.47 %
Invariant sites: 34.34 %

Partition 749: seqid
Model: GTR+FO+G4m+B
Alignment sites / patterns: 1305 / 694
Gaps: 5.38 %
Invariant sites: 33.79 %

Partition 750: seqid
Model: GTR+FO+G4m+B
Alignment sites / patterns: 711 / 421
Gaps: 1.79 %
Invariant sites: 29.40 %

Partition 751: seqid
Model: GTR+FO+G4m+B
Alignment sites / patterns: 294 / 193
Gaps: 15.76 %
Invariant sites: 29.59 %

Partition 752: seqid
Model: GTR+FO+G4m+B
Alignment sites / patterns: 2079 / 1221
Gaps: 10.01 %
Invariant sites: 18.47 %

Partition 753: seqid
Model: GTR+FO+G4m+B
Alignment sites / patterns: 1554 / 845
Gaps: 5.64 %
Invariant sites: 26.25 %

Partition 754: seqid
Model: GTR+FO+G4m+B
Alignment sites / patterns: 1215 / 690
Gaps: 4.46 %
Invariant sites: 32.18 %

Partition 755: seqid
Model: GTR+FO+G4m+B
Alignment sites / patterns: 1728 / 891
Gaps: 8.60 %
Invariant sites: 35.88 %

Partition 756: seqid
Model: GTR+FO+G4m+B
Alignment sites / patterns: 1368 / 859
Gaps: 22.61 %
Invariant sites: 26.68 %

Partition 757: seqid
Model: GTR+FO+G4m+B
Alignment sites / patterns: 1086 / 465
Gaps: 1.33 %
Invariant sites: 38.58 %

Partition 758: seqid
Model: GTR+FO+G4m+B
Alignment sites / patterns: 957 / 403
Gaps: 0.00 %
Invariant sites: 43.99 %

Partition 759: seqid
Model: GTR+FO+G4m+B
Alignment sites / patterns: 606 / 369
Gaps: 1.50 %
Invariant sites: 27.56 %

Partition 760: seqid
Model: GTR+FO+G4m+B
Alignment sites / patterns: 423 / 286
Gaps: 16.62 %
Invariant sites: 31.21 %

Partition 761: seqid
Model: GTR+FO+G4m+B
Alignment sites / patterns: 714 / 465
Gaps: 16.22 %
Invariant sites: 26.89 %

Partition 762: seqid
Model: GTR+FO+G4m+B
Alignment sites / patterns: 1326 / 717
Gaps: 1.82 %
Invariant sites: 28.88 %

Partition 763: seqid
Model: GTR+FO+G4m+B
Alignment sites / patterns: 1329 / 711
Gaps: 1.69 %
Invariant sites: 27.24 %

Partition 764: seqid
Model: GTR+FO+G4m+B
Alignment sites / patterns: 624 / 355
Gaps: 2.02 %
Invariant sites: 33.97 %

Partition 765: seqid
Model: GTR+FO+G4m+B
Alignment sites / patterns: 786 / 408
Gaps: 14.98 %
Invariant sites: 37.53 %

Partition 766: seqid
Model: GTR+FO+G4m+B
Alignment sites / patterns: 1554 / 687
Gaps: 12.66 %
Invariant sites: 31.92 %

Partition 767: seqid
Model: GTR+FO+G4m+B
Alignment sites / patterns: 489 / 296
Gaps: 15.36 %
Invariant sites: 36.61 %

Partition 768: seqid
Model: GTR+FO+G4m+B
Alignment sites / patterns: 969 / 520
Gaps: 10.43 %
Invariant sites: 32.51 %

Partition 769: seqid
Model: GTR+FO+G4m+B
Alignment sites / patterns: 519 / 293
Gaps: 4.65 %
Invariant sites: 35.07 %

Partition 770: seqid
Model: GTR+FO+G4m+B
Alignment sites / patterns: 975 / 521
Gaps: 2.23 %
Invariant sites: 33.03 %

Partition 771: seqid
Model: GTR+FO+G4m+B
Alignment sites / patterns: 735 / 413
Gaps: 10.60 %
Invariant sites: 29.66 %

Partition 772: seqid
Model: GTR+FO+G4m+B
Alignment sites / patterns: 399 / 234
Gaps: 3.82 %
Invariant sites: 38.85 %

Partition 773: seqid
Model: GTR+FO+G4m+B
Alignment sites / patterns: 573 / 280
Gaps: 2.18 %
Invariant sites: 34.21 %

Partition 774: seqid
Model: GTR+FO+G4m+B
Alignment sites / patterns: 1095 / 520
Gaps: 3.21 %
Invariant sites: 34.06 %

Partition 775: seqid
Model: GTR+FO+G4m+B
Alignment sites / patterns: 921 / 447
Gaps: 4.25 %
Invariant sites: 38.98 %

Partition 776: seqid
Model: GTR+FO+G4m+B
Alignment sites / patterns: 840 / 497
Gaps: 1.20 %
Invariant sites: 27.50 %

Partition 777: seqid
Model: GTR+FO+G4m+B
Alignment sites / patterns: 426 / 223
Gaps: 0.17 %
Invariant sites: 34.27 %

Partition 778: seqid
Model: GTR+FO+G4m+B
Alignment sites / patterns: 810 / 408
Gaps: 10.81 %
Invariant sites: 33.21 %

Partition 779: seqid
Model: GTR+FO+G4m+B
Alignment sites / patterns: 894 / 519
Gaps: 7.88 %
Invariant sites: 32.44 %

Partition 780: seqid
Model: GTR+FO+G4m+B
Alignment sites / patterns: 525 / 239
Gaps: 2.65 %
Invariant sites: 42.67 %

Partition 781: seqid
Model: GTR+FO+G4m+B
Alignment sites / patterns: 372 / 242
Gaps: 6.45 %
Invariant sites: 29.30 %

Partition 782: seqid
Model: GTR+FO+G4m+B
Alignment sites / patterns: 2280 / 1005
Gaps: 6.07 %
Invariant sites: 39.91 %

Partition 783: seqid
Model: GTR+FO+G4m+B
Alignment sites / patterns: 1005 / 586
Gaps: 7.81 %
Invariant sites: 34.63 %

Partition 784: seqid
Model: GTR+FO+G4m+B
Alignment sites / patterns: 483 / 267
Gaps: 8.84 %
Invariant sites: 43.48 %

Partition 785: seqid
Model: GTR+FO+G4m+B
Alignment sites / patterns: 453 / 206
Gaps: 2.41 %
Invariant sites: 47.24 %

Partition 786: seqid
Model: GTR+FO+G4m+B
Alignment sites / patterns: 1260 / 521
Gaps: 4.70 %
Invariant sites: 46.83 %

Partition 787: seqid
Model: GTR+FO+G4m+B
Alignment sites / patterns: 1998 / 460
Gaps: 37.52 %
Invariant sites: 69.17 %

Partition 788: seqid
Model: GTR+FO+G4m+B
Alignment sites / patterns: 510 / 336
Gaps: 9.67 %
Invariant sites: 30.00 %

Partition 789: seqid
Model: GTR+FO+G4m+B
Alignment sites / patterns: 1080 / 562
Gaps: 7.43 %
Invariant sites: 34.26 %

Partition 790: seqid
Model: GTR+FO+G4m+B
Alignment sites / patterns: 2703 / 1057
Gaps: 0.89 %
Invariant sites: 35.37 %

Partition 791: seqid
Model: GTR+FO+G4m+B
Alignment sites / patterns: 330 / 194
Gaps: 0.80 %
Invariant sites: 31.52 %

Partition 792: seqid
Model: GTR+FO+G4m+B
Alignment sites / patterns: 960 / 454
Gaps: 1.05 %
Invariant sites: 37.40 %

Partition 793: seqid
Model: GTR+FO+G4m+B
Alignment sites / patterns: 612 / 306
Gaps: 8.10 %
Invariant sites: 41.01 %

Partition 794: seqid
Model: GTR+FO+G4m+B
Alignment sites / patterns: 1209 / 655
Gaps: 15.94 %
Invariant sites: 34.00 %

Partition 795: seqid
Model: GTR+FO+G4m+B
Alignment sites / patterns: 498 / 266
Gaps: 29.98 %
Invariant sites: 45.58 %

Partition 796: seqid
Model: GTR+FO+G4m+B
Alignment sites / patterns: 1530 / 700
Gaps: 21.08 %
Invariant sites: 33.27 %

Partition 797: seqid
Model: GTR+FO+G4m+B
Alignment sites / patterns: 1350 / 589
Gaps: 3.20 %
Invariant sites: 44.81 %

Partition 798: seqid
Model: GTR+FO+G4m+B
Alignment sites / patterns: 771 / 519
Gaps: 6.77 %
Invariant sites: 22.83 %

Partition 799: seqid
Model: GTR+FO+G4m+B
Alignment sites / patterns: 231 / 146
Gaps: 3.48 %
Invariant sites: 36.80 %

Partition 800: seqid
Model: GTR+FO+G4m+B
Alignment sites / patterns: 507 / 325
Gaps: 5.14 %
Invariant sites: 29.98 %

Partition 801: seqid
Model: GTR+FO+G4m+B
Alignment sites / patterns: 2352 / 499
Gaps: 58.07 %
Invariant sites: 71.09 %

Partition 802: seqid
Model: GTR+FO+G4m+B
Alignment sites / patterns: 534 / 308
Gaps: 7.42 %
Invariant sites: 36.52 %

Partition 803: seqid
Model: GTR+FO+G4m+B
Alignment sites / patterns: 843 / 433
Gaps: 3.09 %
Invariant sites: 38.55 %

Partition 804: seqid
Model: GTR+FO+G4m+B
Alignment sites / patterns: 1422 / 868
Gaps: 16.19 %
Invariant sites: 21.73 %

Partition 805: seqid
Model: GTR+FO+G4m+B
Alignment sites / patterns: 1101 / 644
Gaps: 7.07 %
Invariant sites: 18.71 %

Partition 806: seqid
Model: GTR+FO+G4m+B
Alignment sites / patterns: 726 / 357
Gaps: 4.05 %
Invariant sites: 38.02 %

Partition 807: seqid
Model: GTR+FO+G4m+B
Alignment sites / patterns: 1974 / 851
Gaps: 3.90 %
Invariant sites: 42.05 %

Partition 808: seqid
Model: GTR+FO+G4m+B
Alignment sites / patterns: 1098 / 512
Gaps: 6.44 %
Invariant sites: 42.08 %

Partition 809: seqid
Model: GTR+FO+G4m+B
Alignment sites / patterns: 357 / 182
Gaps: 7.36 %
Invariant sites: 43.42 %

Partition 810: seqid
Model: GTR+FO+G4m+B
Alignment sites / patterns: 1587 / 704
Gaps: 5.12 %
Invariant sites: 37.62 %

Partition 811: seqid
Model: GTR+FO+G4m+B
Alignment sites / patterns: 1227 / 571
Gaps: 2.98 %
Invariant sites: 37.16 %

Partition 812: seqid
Model: GTR+FO+G4m+B
Alignment sites / patterns: 666 / 323
Gaps: 8.94 %
Invariant sites: 41.89 %

Partition 813: seqid
Model: GTR+FO+G4m+B
Alignment sites / patterns: 1815 / 734
Gaps: 1.87 %
Invariant sites: 46.12 %

Partition 814: seqid
Model: GTR+FO+G4m+B
Alignment sites / patterns: 525 / 257
Gaps: 0.62 %
Invariant sites: 41.33 %

Partition 815: seqid
Model: GTR+FO+G4m+B
Alignment sites / patterns: 510 / 266
Gaps: 16.26 %
Invariant sites: 39.41 %

Partition 816: seqid
Model: GTR+FO+G4m+B
Alignment sites / patterns: 693 / 347
Gaps: 0.55 %
Invariant sites: 40.55 %

Partition 817: seqid
Model: GTR+FO+G4m+B
Alignment sites / patterns: 1536 / 788
Gaps: 2.60 %
Invariant sites: 27.21 %

Partition 818: seqid
Model: GTR+FO+G4m+B
Alignment sites / patterns: 276 / 122
Gaps: 2.26 %
Invariant sites: 55.80 %

Partition 819: seqid
Model: GTR+FO+G4m+B
Alignment sites / patterns: 498 / 254
Gaps: 1.64 %
Invariant sites: 36.55 %

Partition 820: seqid
Model: GTR+FO+G4m+B
Alignment sites / patterns: 1998 / 741
Gaps: 0.45 %
Invariant sites: 47.35 %

Partition 821: seqid
Model: GTR+FO+G4m+B
Alignment sites / patterns: 1305 / 583
Gaps: 0.86 %
Invariant sites: 42.99 %

Partition 822: seqid
Model: GTR+FO+G4m+B
Alignment sites / patterns: 915 / 546
Gaps: 8.03 %
Invariant sites: 30.38 %

Partition 823: seqid
Model: GTR+FO+G4m+B
Alignment sites / patterns: 1176 / 419
Gaps: 0.06 %
Invariant sites: 50.68 %

Partition 824: seqid
Model: GTR+FO+G4m+B
Alignment sites / patterns: 636 / 382
Gaps: 2.81 %
Invariant sites: 28.14 %

Partition 825: seqid
Model: GTR+FO+G4m+B
Alignment sites / patterns: 885 / 485
Gaps: 5.45 %
Invariant sites: 36.84 %

Partition 826: seqid
Model: GTR+FO+G4m+B
Alignment sites / patterns: 654 / 375
Gaps: 13.83 %
Invariant sites: 35.17 %

Partition 827: seqid
Model: GTR+FO+G4m+B
Alignment sites / patterns: 1008 / 441
Gaps: 14.95 %
Invariant sites: 50.89 %


NOTE: Binary MSA file created: tree/02_parse.raxml.rba

* Estimated memory requirements                : 2377 MB

* Recommended number of threads / MPI processes: 61

Please note that numbers given above are rough estimates only. 
Actual memory consumption and parallel performance on your system may differ!

Alignment can be successfully read by RAxML-NG.


Execution log saved to: /home/em/PhD/flora_repo/tree/02_parse.raxml.log

Analysis started: 11-Nov-2021 19:14:41 / finished: 11-Nov-2021 19:14:41

Elapsed time: 0.408 seconds

